<?xml version="1.0" encoding="UTF-8"?>
<robot generator="Robot 6.0.2 (Python 3.12.0 on win32)" generated="20241014 20:02:20.950" rpa="false" schemaversion="3">
<suite id="s1" name="Company" source="C:\Users\a892326\OneDrive - EDITORA E DISTRIBUIDORA EDUCACIONAL S A\Documentos\QA Coders\RobotAPICompany\test\company">
<suite id="s1-s1" name="Delete" source="C:\Users\a892326\OneDrive - EDITORA E DISTRIBUIDORA EDUCACIONAL S A\Documentos\QA Coders\RobotAPICompany\test\company\delete.robot">
<test id="s1-s1-t1" name="Deletar company" line="7">
<kw name="Criar sessão autorizada" library="login">
<kw name="Criar sessão" library="login">
<kw name="Create Dictionary" library="BuiltIn">
<var>${headers}</var>
<arg>accept=application/json</arg>
<arg>Content-Type=application/json</arg>
<doc>Creates and returns a dictionary based on the given ``items``.</doc>
<msg timestamp="20241014 20:02:21.271" level="INFO">${headers} = {'accept': 'application/json', 'Content-Type': 'application/json'}</msg>
<status status="PASS" starttime="20241014 20:02:21.271" endtime="20241014 20:02:21.271"/>
</kw>
<kw name="Create Session" library="RequestsLibrary">
<arg>alias=TheMentalists</arg>
<arg>url=https://the-mentalists.qacoders.dev.br</arg>
<arg>headers=${headers}</arg>
<doc>Create Session: create a HTTP session to a server</doc>
<msg timestamp="20241014 20:02:21.271" level="INFO">Creating Session using : alias=TheMentalists, url=https://the-mentalists.qacoders.dev.br, headers={'accept': 'application/json', 'Content-Type': 'application/json'},                     cookies={}, auth=None, timeout=None, proxies=None, verify=False,                     debug=0 </msg>
<status status="PASS" starttime="20241014 20:02:21.271" endtime="20241014 20:02:21.271"/>
</kw>
<status status="PASS" starttime="20241014 20:02:21.268" endtime="20241014 20:02:21.271"/>
</kw>
<kw name="Login com usuário sysadmin" library="login">
<kw name="Create Dictionary" library="BuiltIn">
<var>${body}</var>
<arg>mail=sysadmin@qacoders.com</arg>
<arg>password=1234@Test</arg>
<doc>Creates and returns a dictionary based on the given ``items``.</doc>
<msg timestamp="20241014 20:02:21.271" level="INFO">${body} = {'mail': 'sysadmin@qacoders.com', 'password': '1234@Test'}</msg>
<status status="PASS" starttime="20241014 20:02:21.271" endtime="20241014 20:02:21.271"/>
</kw>
<kw name="Log" library="BuiltIn">
<arg>${body}</arg>
<doc>Logs the given message with the given level.</doc>
<msg timestamp="20241014 20:02:21.271" level="INFO">{'mail': 'sysadmin@qacoders.com', 'password': '1234@Test'}</msg>
<status status="PASS" starttime="20241014 20:02:21.271" endtime="20241014 20:02:21.271"/>
</kw>
<kw name="Criar sessão" library="login">
<kw name="Create Dictionary" library="BuiltIn">
<var>${headers}</var>
<arg>accept=application/json</arg>
<arg>Content-Type=application/json</arg>
<doc>Creates and returns a dictionary based on the given ``items``.</doc>
<msg timestamp="20241014 20:02:21.271" level="INFO">${headers} = {'accept': 'application/json', 'Content-Type': 'application/json'}</msg>
<status status="PASS" starttime="20241014 20:02:21.271" endtime="20241014 20:02:21.271"/>
</kw>
<kw name="Create Session" library="RequestsLibrary">
<arg>alias=TheMentalists</arg>
<arg>url=https://the-mentalists.qacoders.dev.br</arg>
<arg>headers=${headers}</arg>
<doc>Create Session: create a HTTP session to a server</doc>
<msg timestamp="20241014 20:02:21.271" level="INFO">Creating Session using : alias=TheMentalists, url=https://the-mentalists.qacoders.dev.br, headers={'accept': 'application/json', 'Content-Type': 'application/json'},                     cookies={}, auth=None, timeout=None, proxies=None, verify=False,                     debug=0 </msg>
<status status="PASS" starttime="20241014 20:02:21.271" endtime="20241014 20:02:21.271"/>
</kw>
<status status="PASS" starttime="20241014 20:02:21.271" endtime="20241014 20:02:21.271"/>
</kw>
<kw name="POST On Session" library="RequestsLibrary">
<var>${resposta}</var>
<arg>alias=TheMentalists</arg>
<arg>url=/api/login</arg>
<arg>json=${body}</arg>
<doc>Sends a POST request on a previously created HTTP Session.</doc>
<msg timestamp="20241014 20:02:21.798" level="INFO">POST Request : url=https://the-mentalists.qacoders.dev.br/api/login 
 path_url=/api/login 
 headers={'User-Agent': 'python-requests/2.31.0', 'Accept-Encoding': 'gzip, deflate', 'accept': 'application/json', 'Connection': 'keep-alive', 'Content-Type': 'application/json', 'Content-Length': '58'} 
 body=b'{"mail": "sysadmin@qacoders.com", "password": "1234@Test"}' 
 </msg>
<msg timestamp="20241014 20:02:21.803" level="INFO">POST Response : url=https://the-mentalists.qacoders.dev.br/api/login 
 status=200, reason=OK 
 headers={'Server': 'nginx/1.18.0 (Ubuntu)', 'Date': 'Mon, 14 Oct 2024 23:02:16 GMT', 'Content-Type': 'application/json; charset=utf-8', 'Transfer-Encoding': 'chunked', 'Connection': 'keep-alive', 'X-Powered-By': 'Express', 'Access-Control-Allow-Origin': '*', 'Access-Control-Allow-Methods': 'GET, POST, OPTIONS, PUT, PATCH, DELETE', 'Access-Control-Allow-Headers': 'Origin, X-Requested-With, Content-Type, Accept, Authorization', 'ETag': 'W/"534-yy/2HRJkBMetsXk9D3kYZT0hqXo"', 'Content-Encoding': 'gzip'} 
 body={"msg":"Olá Qa-Coders-SYSADMIN, autenticação autorizada com sucesso!","user":{"_id":"66db5e1ca10db7703daa0b98","fullName":"Qa-Coders-SYSADMIN","mail":"sysadmin@qacoders.com","password":"$2b$10$9QCmk7Mz/uy9EC1hDGZoKepbZIwZY.SUmfh7VKLVv4wcaISAUwTBG","accessProfile":"SYSADMIN","cpf":"11111111111","status":true,"audit":[{"registeredBy":{"userId":"111111111111111111","userLogin":"sysadmin@qacoders.com"},"registrationDate":"sexta-feira, 06/09/2024, 16:55:08 BRT","registrationNumber":"01","companyId":"Qa.Coders","_id":"66db5e1ca10db7703daa0b99"}],"__v":0},"token":"eyJhbGciOiJIUzI1NiIsInR5cCI6IkpXVCJ9.eyJfaWQiOiI2NmRiNWUxY2ExMGRiNzcwM2RhYTBiOTgiLCJmdWxsTmFtZSI6IlFhLUNvZGVycy1TWVNBRE1JTiIsIm1haWwiOiJzeXNhZG1pbkBxYWNvZGVycy5jb20iLCJwYXNzd29yZCI6IiQyYiQxMCQ5UUNtazdNei91eTlFQzFoREdab0tlcGJaSXdaWS5TVW1maDdWS0xWdjR3Y2FJU0FVd1RCRyIsImFjY2Vzc1Byb2ZpbGUiOiJTWVNBRE1JTiIsImNwZiI6IjExMTExMTExMTExIiwic3RhdHVzIjp0cnVlLCJhdWRpdCI6W3sicmVnaXN0ZXJlZEJ5Ijp7InVzZXJJZCI6IjExMTExMTExMTExMTExMTExMSIsInVzZXJMb2dpbiI6InN5c2FkbWluQHFhY29kZXJzLmNvbSJ9LCJyZWdpc3RyYXRpb25EYXRlIjoic2V4dGEtZmVpcmEsIDA2LzA5LzIwMjQsIDE2OjU1OjA4IEJSVCIsInJlZ2lzdHJhdGlvbk51bWJlciI6IjAxIiwiY29tcGFueUlkIjoiUWEuQ29kZXJzIiwiX2lkIjoiNjZkYjVlMWNhMTBkYjc3MDNkYWEwYjk5In1dLCJfX3YiOjAsImlhdCI6MTcyODk0NjkzNiwiZXhwIjoxNzI5MDMzMzM2fQ.2Rg7rEpUNenARoGouHMES82IspPi_zG9BkkK1amLBwQ"} 
 </msg>
<msg timestamp="20241014 20:02:21.803" level="INFO">C:\Python312\Lib\site-packages\urllib3\connectionpool.py:1061: InsecureRequestWarning: Unverified HTTPS request is being made to host 'the-mentalists.qacoders.dev.br'. Adding certificate verification is strongly advised. See: https://urllib3.readthedocs.io/en/1.26.x/advanced-usage.html#ssl-warnings
  warnings.warn(</msg>
<msg timestamp="20241014 20:02:21.803" level="INFO">${resposta} = &lt;Response [200]&gt;</msg>
<status status="PASS" starttime="20241014 20:02:21.271" endtime="20241014 20:02:21.803"/>
</kw>
<kw name="Set Test Variable" library="BuiltIn">
<arg>${TOKEN}</arg>
<arg>${resposta.json()["token"]}</arg>
<doc>Makes a variable available everywhere within the scope of the current test.</doc>
<msg timestamp="20241014 20:02:21.808" level="INFO">${TOKEN} = eyJhbGciOiJIUzI1NiIsInR5cCI6IkpXVCJ9.eyJfaWQiOiI2NmRiNWUxY2ExMGRiNzcwM2RhYTBiOTgiLCJmdWxsTmFtZSI6IlFhLUNvZGVycy1TWVNBRE1JTiIsIm1haWwiOiJzeXNhZG1pbkBxYWNvZGVycy5jb20iLCJwYXNzd29yZCI6IiQyYiQxMCQ5UUNtazd...</msg>
<status status="PASS" starttime="20241014 20:02:21.803" endtime="20241014 20:02:21.808"/>
</kw>
<status status="PASS" starttime="20241014 20:02:21.271" endtime="20241014 20:02:21.808"/>
</kw>
<kw name="Create Dictionary" library="BuiltIn">
<var>${headers}</var>
<arg>accept=application/json</arg>
<arg>Content-Type=application/json</arg>
<arg>Authorization=${TOKEN}</arg>
<doc>Creates and returns a dictionary based on the given ``items``.</doc>
<msg timestamp="20241014 20:02:21.808" level="INFO">${headers} = {'accept': 'application/json', 'Content-Type': 'application/json', 'Authorization': 'eyJhbGciOiJIUzI1NiIsInR5cCI6IkpXVCJ9.eyJfaWQiOiI2NmRiNWUxY2ExMGRiNzcwM2RhYTBiOTgiLCJmdWxsTmFtZSI6IlFhLUNvZGVycy1TWV...</msg>
<status status="PASS" starttime="20241014 20:02:21.808" endtime="20241014 20:02:21.808"/>
</kw>
<kw name="Create Session" library="RequestsLibrary">
<arg>alias=TheMentalists</arg>
<arg>url=https://the-mentalists.qacoders.dev.br</arg>
<arg>headers=${headers}</arg>
<doc>Create Session: create a HTTP session to a server</doc>
<msg timestamp="20241014 20:02:21.808" level="INFO">Creating Session using : alias=TheMentalists, url=https://the-mentalists.qacoders.dev.br, headers={'accept': 'application/json', 'Content-Type': 'application/json', 'Authorization': 'eyJhbGciOiJIUzI1NiIsInR5cCI6IkpXVCJ9.eyJfaWQiOiI2NmRiNWUxY2ExMGRiNzcwM2RhYTBiOTgiLCJmdWxsTmFtZSI6IlFhLUNvZGVycy1TWVNBRE1JTiIsIm1haWwiOiJzeXNhZG1pbkBxYWNvZGVycy5jb20iLCJwYXNzd29yZCI6IiQyYiQxMCQ5UUNtazdNei91eTlFQzFoREdab0tlcGJaSXdaWS5TVW1maDdWS0xWdjR3Y2FJU0FVd1RCRyIsImFjY2Vzc1Byb2ZpbGUiOiJTWVNBRE1JTiIsImNwZiI6IjExMTExMTExMTExIiwic3RhdHVzIjp0cnVlLCJhdWRpdCI6W3sicmVnaXN0ZXJlZEJ5Ijp7InVzZXJJZCI6IjExMTExMTExMTExMTExMTExMSIsInVzZXJMb2dpbiI6InN5c2FkbWluQHFhY29kZXJzLmNvbSJ9LCJyZWdpc3RyYXRpb25EYXRlIjoic2V4dGEtZmVpcmEsIDA2LzA5LzIwMjQsIDE2OjU1OjA4IEJSVCIsInJlZ2lzdHJhdGlvbk51bWJlciI6IjAxIiwiY29tcGFueUlkIjoiUWEuQ29kZXJzIiwiX2lkIjoiNjZkYjVlMWNhMTBkYjc3MDNkYWEwYjk5In1dLCJfX3YiOjAsImlhdCI6MTcyODk0NjkzNiwiZXhwIjoxNzI5MDMzMzM2fQ.2Rg7rEpUNenARoGouHMES82IspPi_zG9BkkK1amLBwQ'},                     cookies={}, auth=None, timeout=None, proxies=None, verify=False,                     debug=0 </msg>
<status status="PASS" starttime="20241014 20:02:21.808" endtime="20241014 20:02:21.808"/>
</kw>
<status status="PASS" starttime="20241014 20:02:21.268" endtime="20241014 20:02:21.808"/>
</kw>
<kw name="Criar dados da company" library="company">
<kw name="Generate Random String" library="String">
<var>${palavra_aleatoria}</var>
<arg>length=20</arg>
<arg>chars=[LETTERS]</arg>
<doc>Generates a string with a desired ``length`` from the given ``chars``.</doc>
<msg timestamp="20241014 20:02:21.810" level="INFO">${palavra_aleatoria} = LEtQlMDAyCbqlqUoRexk</msg>
<status status="PASS" starttime="20241014 20:02:21.810" endtime="20241014 20:02:21.810"/>
</kw>
<kw name="Set Suite Variable" library="BuiltIn">
<arg>${COMPANY_NOME}</arg>
<arg>${palavra_aleatoria}</arg>
<doc>Makes a variable available everywhere within the scope of the current suite.</doc>
<msg timestamp="20241014 20:02:21.810" level="INFO">${COMPANY_NOME} = LEtQlMDAyCbqlqUoRexk</msg>
<status status="PASS" starttime="20241014 20:02:21.810" endtime="20241014 20:02:21.810"/>
</kw>
<kw name="Generate Random String" library="String">
<var>${numero_randomico}</var>
<arg>length=14</arg>
<arg>chars=[NUMBERS]</arg>
<doc>Generates a string with a desired ``length`` from the given ``chars``.</doc>
<msg timestamp="20241014 20:02:21.810" level="INFO">${numero_randomico} = 91587381227315</msg>
<status status="PASS" starttime="20241014 20:02:21.810" endtime="20241014 20:02:21.810"/>
</kw>
<kw name="Set Suite Variable" library="BuiltIn">
<arg>${CNPJ_RANDOM}</arg>
<arg>${numero_randomico}</arg>
<doc>Makes a variable available everywhere within the scope of the current suite.</doc>
<msg timestamp="20241014 20:02:21.810" level="INFO">${CNPJ_RANDOM} = 91587381227315</msg>
<status status="PASS" starttime="20241014 20:02:21.810" endtime="20241014 20:02:21.810"/>
</kw>
<kw name="Set Suite Variable" library="BuiltIn">
<arg>${EMAIL_RANDOM}</arg>
<arg>${palavra_aleatoria}@qacoders.com.br</arg>
<doc>Makes a variable available everywhere within the scope of the current suite.</doc>
<msg timestamp="20241014 20:02:21.810" level="INFO">${EMAIL_RANDOM} = LEtQlMDAyCbqlqUoRexk@qacoders.com.br</msg>
<status status="PASS" starttime="20241014 20:02:21.810" endtime="20241014 20:02:21.810"/>
</kw>
<kw name="Set Suite Variable" library="BuiltIn">
<arg>${RAZÃO SOCIAL}</arg>
<arg>${company_nome}</arg>
<doc>Makes a variable available everywhere within the scope of the current suite.</doc>
<msg timestamp="20241014 20:02:21.818" level="INFO">${RAZÃO SOCIAL} = LEtQlMDAyCbqlqUoRexk</msg>
<status status="PASS" starttime="20241014 20:02:21.818" endtime="20241014 20:02:21.818"/>
</kw>
<kw name="Set Suite Variable" library="BuiltIn">
<arg>${CONTATO-RESPONSAVEL}</arg>
<arg>${palavra_aleatoria} R${palavra_aleatoria}</arg>
<doc>Makes a variable available everywhere within the scope of the current suite.</doc>
<msg timestamp="20241014 20:02:21.818" level="INFO">${CONTATO-RESPONSAVEL} = LEtQlMDAyCbqlqUoRexk RLEtQlMDAyCbqlqUoRexk</msg>
<status status="PASS" starttime="20241014 20:02:21.818" endtime="20241014 20:02:21.818"/>
</kw>
<kw name="Set Suite Variable" library="BuiltIn">
<arg>${NUMERO_TELEFONE}</arg>
<arg>+(55)${numero_randomico}</arg>
<doc>Makes a variable available everywhere within the scope of the current suite.</doc>
<msg timestamp="20241014 20:02:21.818" level="INFO">${NUMERO_TELEFONE} = +(55)91587381227315</msg>
<status status="PASS" starttime="20241014 20:02:21.818" endtime="20241014 20:02:21.818"/>
</kw>
<kw name="Set Suite Variable" library="BuiltIn">
<arg>${DESCRICAO}</arg>
<arg>${palavra_aleatoria}</arg>
<doc>Makes a variable available everywhere within the scope of the current suite.</doc>
<msg timestamp="20241014 20:02:21.818" level="INFO">${DESCRICAO} = LEtQlMDAyCbqlqUoRexk</msg>
<status status="PASS" starttime="20241014 20:02:21.818" endtime="20241014 20:02:21.818"/>
</kw>
<kw name="Set Suite Variable" library="BuiltIn">
<arg>${LOGRADOURO}</arg>
<arg>${palavra_aleatoria}</arg>
<doc>Makes a variable available everywhere within the scope of the current suite.</doc>
<msg timestamp="20241014 20:02:21.818" level="INFO">${LOGRADOURO} = LEtQlMDAyCbqlqUoRexk</msg>
<status status="PASS" starttime="20241014 20:02:21.818" endtime="20241014 20:02:21.818"/>
</kw>
<kw name="Generate Random String" library="String">
<var>${numero}</var>
<arg>length=10</arg>
<arg>chars=[NUMBERS]</arg>
<doc>Generates a string with a desired ``length`` from the given ``chars``.</doc>
<msg timestamp="20241014 20:02:21.818" level="INFO">${numero} = 0972230931</msg>
<status status="PASS" starttime="20241014 20:02:21.818" endtime="20241014 20:02:21.818"/>
</kw>
<kw name="Set Suite Variable" library="BuiltIn">
<arg>${NUMERO_COMPANY}</arg>
<arg>${numero}</arg>
<doc>Makes a variable available everywhere within the scope of the current suite.</doc>
<msg timestamp="20241014 20:02:21.826" level="INFO">${NUMERO_COMPANY} = 0972230931</msg>
<status status="PASS" starttime="20241014 20:02:21.818" endtime="20241014 20:02:21.826"/>
</kw>
<status status="PASS" starttime="20241014 20:02:21.810" endtime="20241014 20:02:21.826"/>
</kw>
<kw name="Cadastrar company" library="company">
<kw name="Create Dictionary" library="BuiltIn">
<var>${address}</var>
<arg>zipCode=04777001</arg>
<arg>city=São Paulo</arg>
<arg>state=SP</arg>
<arg>district=Rua das Flores</arg>
<arg>street=Avenida Interlagos</arg>
<arg>number=50</arg>
<arg>complement=de 4503 ao fim - lado ímpar</arg>
<arg>country=Brasil</arg>
<doc>Creates and returns a dictionary based on the given ``items``.</doc>
<msg timestamp="20241014 20:02:21.826" level="INFO">${address} = {'zipCode': '04777001', 'city': 'São Paulo', 'state': 'SP', 'district': 'Rua das Flores', 'street': 'Avenida Interlagos', 'number': '50', 'complement': 'de 4503 ao fim - lado ímpar', 'country': 'Brasi...</msg>
<status status="PASS" starttime="20241014 20:02:21.826" endtime="20241014 20:02:21.826"/>
</kw>
<kw name="Create List" library="BuiltIn">
<var>${listAddress}</var>
<arg>${address}</arg>
<doc>Returns a list containing given items.</doc>
<msg timestamp="20241014 20:02:21.826" level="INFO">${listAddress} = [{'zipCode': '04777001', 'city': 'São Paulo', 'state': 'SP', 'district': 'Rua das Flores', 'street': 'Avenida Interlagos', 'number': '50', 'complement': 'de 4503 ao fim - lado ímpar', 'country': 'Bras...</msg>
<status status="PASS" starttime="20241014 20:02:21.826" endtime="20241014 20:02:21.826"/>
</kw>
<kw name="Create Dictionary" library="BuiltIn">
<var>${body}</var>
<arg>corporateName=${COMPANY_NOME}</arg>
<arg>registerCompany=${CNPJ_RANDOM}</arg>
<arg>mail=${EMAIL_RANDOM}</arg>
<arg>matriz=Testeprimeiro</arg>
<arg>responsibleContact=Patrick</arg>
<arg>telephone=99999999999999</arg>
<arg>serviceDescription=TestesQa</arg>
<arg>address=${listAddress}</arg>
<doc>Creates and returns a dictionary based on the given ``items``.</doc>
<msg timestamp="20241014 20:02:21.828" level="INFO">${body} = {'corporateName': 'LEtQlMDAyCbqlqUoRexk', 'registerCompany': '91587381227315', 'mail': 'LEtQlMDAyCbqlqUoRexk@qacoders.com.br', 'matriz': 'Testeprimeiro', 'responsibleContact': 'Patrick', 'telephone': ...</msg>
<status status="PASS" starttime="20241014 20:02:21.828" endtime="20241014 20:02:21.828"/>
</kw>
<kw name="Log" library="BuiltIn">
<arg>{body}</arg>
<doc>Logs the given message with the given level.</doc>
<msg timestamp="20241014 20:02:21.828" level="INFO">{body}</msg>
<status status="PASS" starttime="20241014 20:02:21.828" endtime="20241014 20:02:21.828"/>
</kw>
<kw name="POST On Session" library="RequestsLibrary">
<var>${resposta}</var>
<arg>alias=TheMentalists</arg>
<arg>url=/api/company</arg>
<arg>json=${body}</arg>
<doc>Sends a POST request on a previously created HTTP Session.</doc>
<msg timestamp="20241014 20:02:22.218" level="INFO">POST Request : url=https://the-mentalists.qacoders.dev.br/api/company 
 path_url=/api/company 
 headers={'User-Agent': 'python-requests/2.31.0', 'Accept-Encoding': 'gzip, deflate', 'accept': 'application/json', 'Connection': 'keep-alive', 'Content-Type': 'application/json', 'Authorization': 'eyJhbGciOiJIUzI1NiIsInR5cCI6IkpXVCJ9.eyJfaWQiOiI2NmRiNWUxY2ExMGRiNzcwM2RhYTBiOTgiLCJmdWxsTmFtZSI6IlFhLUNvZGVycy1TWVNBRE1JTiIsIm1haWwiOiJzeXNhZG1pbkBxYWNvZGVycy5jb20iLCJwYXNzd29yZCI6IiQyYiQxMCQ5UUNtazdNei91eTlFQzFoREdab0tlcGJaSXdaWS5TVW1maDdWS0xWdjR3Y2FJU0FVd1RCRyIsImFjY2Vzc1Byb2ZpbGUiOiJTWVNBRE1JTiIsImNwZiI6IjExMTExMTExMTExIiwic3RhdHVzIjp0cnVlLCJhdWRpdCI6W3sicmVnaXN0ZXJlZEJ5Ijp7InVzZXJJZCI6IjExMTExMTExMTExMTExMTExMSIsInVzZXJMb2dpbiI6InN5c2FkbWluQHFhY29kZXJzLmNvbSJ9LCJyZWdpc3RyYXRpb25EYXRlIjoic2V4dGEtZmVpcmEsIDA2LzA5LzIwMjQsIDE2OjU1OjA4IEJSVCIsInJlZ2lzdHJhdGlvbk51bWJlciI6IjAxIiwiY29tcGFueUlkIjoiUWEuQ29kZXJzIiwiX2lkIjoiNjZkYjVlMWNhMTBkYjc3MDNkYWEwYjk5In1dLCJfX3YiOjAsImlhdCI6MTcyODk0NjkzNiwiZXhwIjoxNzI5MDMzMzM2fQ.2Rg7rEpUNenARoGouHMES82IspPi_zG9BkkK1amLBwQ', 'Content-Length': '479'} 
 body=b'{"corporateName": "LEtQlMDAyCbqlqUoRexk", "registerCompany": "91587381227315", "mail": "LEtQlMDAyCbqlqUoRexk@qacoders.com.br", "matriz": "Testeprimeiro", "responsibleContact": "Patrick", "telephone": "99999999999999", "serviceDescription": "TestesQa", "address": [{"zipCode": "04777001", "city": "S\\u00e3o Paulo", "state": "SP", "district": "Rua das Flores", "street": "Avenida Interlagos", "number": "50", "complement": "de 4503 ao fim - lado \\u00edmpar", "country": "Brasil"}]}' 
 </msg>
<msg timestamp="20241014 20:02:22.218" level="INFO">POST Response : url=https://the-mentalists.qacoders.dev.br/api/company 
 status=201, reason=Created 
 headers={'Server': 'nginx/1.18.0 (Ubuntu)', 'Date': 'Mon, 14 Oct 2024 23:02:16 GMT', 'Content-Type': 'application/json; charset=utf-8', 'Content-Length': '813', 'Connection': 'keep-alive', 'X-Powered-By': 'Express', 'Access-Control-Allow-Origin': '*', 'Access-Control-Allow-Methods': 'GET, POST, OPTIONS, PUT, PATCH, DELETE', 'Access-Control-Allow-Headers': 'Origin, X-Requested-With, Content-Type, Accept, Authorization', 'ETag': 'W/"32d-TXfEGMQcq07umJreAi790onGVHY"'} 
 body={"msg":"Olá a companhia LEtQlMDAyCbqlqUoRexk foi cadastrada com sucesso.","newCompany":{"corporateName":"LEtQlMDAyCbqlqUoRexk","registerCompany":"91587381227315","responsibleContact":"Patrick","mail":"LEtQlMDAyCbqlqUoRexk@qacoders.com.br","telephone":"99999999999999","serviceDescription":"TestesQa","matriz":"Testeprimeiro","status":true,"address":[{"country":"Brasil","zipCode":"04777001","city":"São Paulo","state":"SP","district":"Rua das Flores","street":"Avenida Interlagos","number":"50","complement":"de 4503 ao fim - lado ímpar","_id":"670da2f81e6a38afe6ea78de"}],"audit":[{"registrationDate":"segunda-feira, 14/10/2024, 20:02:16 BRT","registeredBy":{"userId":"66db5e1ca10db7703daa0b98","userLogin":"sysadmin@qacoders.com"},"_id":"670da2f81e6a38afe6ea78df"}],"_id":"670da2f81e6a38afe6ea78dd","__v":0}} 
 </msg>
<msg timestamp="20241014 20:02:22.218" level="INFO">C:\Python312\Lib\site-packages\urllib3\connectionpool.py:1061: InsecureRequestWarning: Unverified HTTPS request is being made to host 'the-mentalists.qacoders.dev.br'. Adding certificate verification is strongly advised. See: https://urllib3.readthedocs.io/en/1.26.x/advanced-usage.html#ssl-warnings
  warnings.warn(</msg>
<msg timestamp="20241014 20:02:22.218" level="INFO">${resposta} = &lt;Response [201]&gt;</msg>
<status status="PASS" starttime="20241014 20:02:21.828" endtime="20241014 20:02:22.218"/>
</kw>
<kw name="Log" library="BuiltIn">
<arg>${resposta.json()}</arg>
<doc>Logs the given message with the given level.</doc>
<msg timestamp="20241014 20:02:22.228" level="INFO">{'msg': 'Olá a companhia LEtQlMDAyCbqlqUoRexk foi cadastrada com sucesso.', 'newCompany': {'corporateName': 'LEtQlMDAyCbqlqUoRexk', 'registerCompany': '91587381227315', 'responsibleContact': 'Patrick', 'mail': 'LEtQlMDAyCbqlqUoRexk@qacoders.com.br', 'telephone': '99999999999999', 'serviceDescription': 'TestesQa', 'matriz': 'Testeprimeiro', 'status': True, 'address': [{'country': 'Brasil', 'zipCode': '04777001', 'city': 'São Paulo', 'state': 'SP', 'district': 'Rua das Flores', 'street': 'Avenida Interlagos', 'number': '50', 'complement': 'de 4503 ao fim - lado ímpar', '_id': '670da2f81e6a38afe6ea78de'}], 'audit': [{'registrationDate': 'segunda-feira, 14/10/2024, 20:02:16 BRT', 'registeredBy': {'userId': '66db5e1ca10db7703daa0b98', 'userLogin': 'sysadmin@qacoders.com'}, '_id': '670da2f81e6a38afe6ea78df'}], '_id': '670da2f81e6a38afe6ea78dd', '__v': 0}}</msg>
<status status="PASS" starttime="20241014 20:02:22.218" endtime="20241014 20:02:22.228"/>
</kw>
<kw name="Set Suite Variable" library="BuiltIn">
<arg>${id_company}</arg>
<arg>${resposta.json()["newCompany"]["_id"]}</arg>
<doc>Makes a variable available everywhere within the scope of the current suite.</doc>
<msg timestamp="20241014 20:02:22.228" level="INFO">${id_company} = 670da2f81e6a38afe6ea78dd</msg>
<status status="PASS" starttime="20241014 20:02:22.228" endtime="20241014 20:02:22.228"/>
</kw>
<status status="PASS" starttime="20241014 20:02:21.826" endtime="20241014 20:02:22.228"/>
</kw>
<kw name="Deletar company" library="company">
<kw name="DELETE On Session" library="RequestsLibrary">
<var>${resposta}</var>
<arg>alias=TheMentalists</arg>
<arg>url=/api/company/${id_company}</arg>
<doc>Sends a DELETE request on a previously created HTTP Session.</doc>
<msg timestamp="20241014 20:02:22.338" level="INFO">DELETE Request : url=https://the-mentalists.qacoders.dev.br/api/company/670da2f81e6a38afe6ea78dd 
 path_url=/api/company/670da2f81e6a38afe6ea78dd 
 headers={'User-Agent': 'python-requests/2.31.0', 'Accept-Encoding': 'gzip, deflate', 'accept': 'application/json', 'Connection': 'keep-alive', 'Content-Type': 'application/json', 'Authorization': 'eyJhbGciOiJIUzI1NiIsInR5cCI6IkpXVCJ9.eyJfaWQiOiI2NmRiNWUxY2ExMGRiNzcwM2RhYTBiOTgiLCJmdWxsTmFtZSI6IlFhLUNvZGVycy1TWVNBRE1JTiIsIm1haWwiOiJzeXNhZG1pbkBxYWNvZGVycy5jb20iLCJwYXNzd29yZCI6IiQyYiQxMCQ5UUNtazdNei91eTlFQzFoREdab0tlcGJaSXdaWS5TVW1maDdWS0xWdjR3Y2FJU0FVd1RCRyIsImFjY2Vzc1Byb2ZpbGUiOiJTWVNBRE1JTiIsImNwZiI6IjExMTExMTExMTExIiwic3RhdHVzIjp0cnVlLCJhdWRpdCI6W3sicmVnaXN0ZXJlZEJ5Ijp7InVzZXJJZCI6IjExMTExMTExMTExMTExMTExMSIsInVzZXJMb2dpbiI6InN5c2FkbWluQHFhY29kZXJzLmNvbSJ9LCJyZWdpc3RyYXRpb25EYXRlIjoic2V4dGEtZmVpcmEsIDA2LzA5LzIwMjQsIDE2OjU1OjA4IEJSVCIsInJlZ2lzdHJhdGlvbk51bWJlciI6IjAxIiwiY29tcGFueUlkIjoiUWEuQ29kZXJzIiwiX2lkIjoiNjZkYjVlMWNhMTBkYjc3MDNkYWEwYjk5In1dLCJfX3YiOjAsImlhdCI6MTcyODk0NjkzNiwiZXhwIjoxNzI5MDMzMzM2fQ.2Rg7rEpUNenARoGouHMES82IspPi_zG9BkkK1amLBwQ', 'Content-Length': '0'} 
 body=None 
 </msg>
<msg timestamp="20241014 20:02:22.338" level="INFO">DELETE Response : url=https://the-mentalists.qacoders.dev.br/api/company/670da2f81e6a38afe6ea78dd 
 status=200, reason=OK 
 headers={'Server': 'nginx/1.18.0 (Ubuntu)', 'Date': 'Mon, 14 Oct 2024 23:02:16 GMT', 'Content-Type': 'application/json; charset=utf-8', 'Transfer-Encoding': 'chunked', 'Connection': 'keep-alive', 'X-Powered-By': 'Express', 'Access-Control-Allow-Origin': '*', 'Access-Control-Allow-Methods': 'GET, POST, OPTIONS, PUT, PATCH, DELETE', 'Access-Control-Allow-Headers': 'Origin, X-Requested-With, Content-Type, Accept, Authorization', 'ETag': 'W/"29-MynEkZYwQG6YMjfc/MjK3pG0T6Q"', 'Content-Encoding': 'gzip'} 
 body={"msg":"Companhia deletado com sucesso."} 
 </msg>
<msg timestamp="20241014 20:02:22.338" level="INFO">C:\Python312\Lib\site-packages\urllib3\connectionpool.py:1061: InsecureRequestWarning: Unverified HTTPS request is being made to host 'the-mentalists.qacoders.dev.br'. Adding certificate verification is strongly advised. See: https://urllib3.readthedocs.io/en/1.26.x/advanced-usage.html#ssl-warnings
  warnings.warn(</msg>
<msg timestamp="20241014 20:02:22.338" level="INFO">${resposta} = &lt;Response [200]&gt;</msg>
<status status="PASS" starttime="20241014 20:02:22.228" endtime="20241014 20:02:22.338"/>
</kw>
<kw name="Log" library="BuiltIn">
<arg>${resposta.json()}</arg>
<doc>Logs the given message with the given level.</doc>
<msg timestamp="20241014 20:02:22.343" level="INFO">{'msg': 'Companhia deletado com sucesso.'}</msg>
<status status="PASS" starttime="20241014 20:02:22.338" endtime="20241014 20:02:22.343"/>
</kw>
<status status="PASS" starttime="20241014 20:02:22.228" endtime="20241014 20:02:22.343"/>
</kw>
<status status="PASS" starttime="20241014 20:02:21.264" endtime="20241014 20:02:22.343"/>
</test>
<status status="PASS" starttime="20241014 20:02:20.989" endtime="20241014 20:02:22.343"/>
</suite>
<suite id="s1-s2" name="Get" source="C:\Users\a892326\OneDrive - EDITORA E DISTRIBUIDORA EDUCACIONAL S A\Documentos\QA Coders\RobotAPICompany\test\company\get.robot">
<test id="s1-s2-t1" name="Listar company" line="7">
<kw name="Criar sessão autorizada" library="login">
<kw name="Criar sessão" library="login">
<kw name="Create Dictionary" library="BuiltIn">
<var>${headers}</var>
<arg>accept=application/json</arg>
<arg>Content-Type=application/json</arg>
<doc>Creates and returns a dictionary based on the given ``items``.</doc>
<msg timestamp="20241014 20:02:22.367" level="INFO">${headers} = {'accept': 'application/json', 'Content-Type': 'application/json'}</msg>
<status status="PASS" starttime="20241014 20:02:22.367" endtime="20241014 20:02:22.367"/>
</kw>
<kw name="Create Session" library="RequestsLibrary">
<arg>alias=TheMentalists</arg>
<arg>url=https://the-mentalists.qacoders.dev.br</arg>
<arg>headers=${headers}</arg>
<doc>Create Session: create a HTTP session to a server</doc>
<msg timestamp="20241014 20:02:22.368" level="INFO">Creating Session using : alias=TheMentalists, url=https://the-mentalists.qacoders.dev.br, headers={'accept': 'application/json', 'Content-Type': 'application/json'},                     cookies={}, auth=None, timeout=None, proxies=None, verify=False,                     debug=0 </msg>
<status status="PASS" starttime="20241014 20:02:22.367" endtime="20241014 20:02:22.369"/>
</kw>
<status status="PASS" starttime="20241014 20:02:22.366" endtime="20241014 20:02:22.369"/>
</kw>
<kw name="Login com usuário sysadmin" library="login">
<kw name="Create Dictionary" library="BuiltIn">
<var>${body}</var>
<arg>mail=sysadmin@qacoders.com</arg>
<arg>password=1234@Test</arg>
<doc>Creates and returns a dictionary based on the given ``items``.</doc>
<msg timestamp="20241014 20:02:22.370" level="INFO">${body} = {'mail': 'sysadmin@qacoders.com', 'password': '1234@Test'}</msg>
<status status="PASS" starttime="20241014 20:02:22.369" endtime="20241014 20:02:22.370"/>
</kw>
<kw name="Log" library="BuiltIn">
<arg>${body}</arg>
<doc>Logs the given message with the given level.</doc>
<msg timestamp="20241014 20:02:22.370" level="INFO">{'mail': 'sysadmin@qacoders.com', 'password': '1234@Test'}</msg>
<status status="PASS" starttime="20241014 20:02:22.370" endtime="20241014 20:02:22.370"/>
</kw>
<kw name="Criar sessão" library="login">
<kw name="Create Dictionary" library="BuiltIn">
<var>${headers}</var>
<arg>accept=application/json</arg>
<arg>Content-Type=application/json</arg>
<doc>Creates and returns a dictionary based on the given ``items``.</doc>
<msg timestamp="20241014 20:02:22.371" level="INFO">${headers} = {'accept': 'application/json', 'Content-Type': 'application/json'}</msg>
<status status="PASS" starttime="20241014 20:02:22.370" endtime="20241014 20:02:22.371"/>
</kw>
<kw name="Create Session" library="RequestsLibrary">
<arg>alias=TheMentalists</arg>
<arg>url=https://the-mentalists.qacoders.dev.br</arg>
<arg>headers=${headers}</arg>
<doc>Create Session: create a HTTP session to a server</doc>
<msg timestamp="20241014 20:02:22.371" level="INFO">Creating Session using : alias=TheMentalists, url=https://the-mentalists.qacoders.dev.br, headers={'accept': 'application/json', 'Content-Type': 'application/json'},                     cookies={}, auth=None, timeout=None, proxies=None, verify=False,                     debug=0 </msg>
<status status="PASS" starttime="20241014 20:02:22.371" endtime="20241014 20:02:22.371"/>
</kw>
<status status="PASS" starttime="20241014 20:02:22.370" endtime="20241014 20:02:22.371"/>
</kw>
<kw name="POST On Session" library="RequestsLibrary">
<var>${resposta}</var>
<arg>alias=TheMentalists</arg>
<arg>url=/api/login</arg>
<arg>json=${body}</arg>
<doc>Sends a POST request on a previously created HTTP Session.</doc>
<msg timestamp="20241014 20:02:22.823" level="INFO">POST Request : url=https://the-mentalists.qacoders.dev.br/api/login 
 path_url=/api/login 
 headers={'User-Agent': 'python-requests/2.31.0', 'Accept-Encoding': 'gzip, deflate', 'accept': 'application/json', 'Connection': 'keep-alive', 'Content-Type': 'application/json', 'Content-Length': '58'} 
 body=b'{"mail": "sysadmin@qacoders.com", "password": "1234@Test"}' 
 </msg>
<msg timestamp="20241014 20:02:22.823" level="INFO">POST Response : url=https://the-mentalists.qacoders.dev.br/api/login 
 status=200, reason=OK 
 headers={'Server': 'nginx/1.18.0 (Ubuntu)', 'Date': 'Mon, 14 Oct 2024 23:02:17 GMT', 'Content-Type': 'application/json; charset=utf-8', 'Transfer-Encoding': 'chunked', 'Connection': 'keep-alive', 'X-Powered-By': 'Express', 'Access-Control-Allow-Origin': '*', 'Access-Control-Allow-Methods': 'GET, POST, OPTIONS, PUT, PATCH, DELETE', 'Access-Control-Allow-Headers': 'Origin, X-Requested-With, Content-Type, Accept, Authorization', 'ETag': 'W/"534-a7poWoYKwHSCHPgzdHame8s/1Xk"', 'Content-Encoding': 'gzip'} 
 body={"msg":"Olá Qa-Coders-SYSADMIN, autenticação autorizada com sucesso!","user":{"_id":"66db5e1ca10db7703daa0b98","fullName":"Qa-Coders-SYSADMIN","mail":"sysadmin@qacoders.com","password":"$2b$10$9QCmk7Mz/uy9EC1hDGZoKepbZIwZY.SUmfh7VKLVv4wcaISAUwTBG","accessProfile":"SYSADMIN","cpf":"11111111111","status":true,"audit":[{"registeredBy":{"userId":"111111111111111111","userLogin":"sysadmin@qacoders.com"},"registrationDate":"sexta-feira, 06/09/2024, 16:55:08 BRT","registrationNumber":"01","companyId":"Qa.Coders","_id":"66db5e1ca10db7703daa0b99"}],"__v":0},"token":"eyJhbGciOiJIUzI1NiIsInR5cCI6IkpXVCJ9.eyJfaWQiOiI2NmRiNWUxY2ExMGRiNzcwM2RhYTBiOTgiLCJmdWxsTmFtZSI6IlFhLUNvZGVycy1TWVNBRE1JTiIsIm1haWwiOiJzeXNhZG1pbkBxYWNvZGVycy5jb20iLCJwYXNzd29yZCI6IiQyYiQxMCQ5UUNtazdNei91eTlFQzFoREdab0tlcGJaSXdaWS5TVW1maDdWS0xWdjR3Y2FJU0FVd1RCRyIsImFjY2Vzc1Byb2ZpbGUiOiJTWVNBRE1JTiIsImNwZiI6IjExMTExMTExMTExIiwic3RhdHVzIjp0cnVlLCJhdWRpdCI6W3sicmVnaXN0ZXJlZEJ5Ijp7InVzZXJJZCI6IjExMTExMTExMTExMTExMTExMSIsInVzZXJMb2dpbiI6InN5c2FkbWluQHFhY29kZXJzLmNvbSJ9LCJyZWdpc3RyYXRpb25EYXRlIjoic2V4dGEtZmVpcmEsIDA2LzA5LzIwMjQsIDE2OjU1OjA4IEJSVCIsInJlZ2lzdHJhdGlvbk51bWJlciI6IjAxIiwiY29tcGFueUlkIjoiUWEuQ29kZXJzIiwiX2lkIjoiNjZkYjVlMWNhMTBkYjc3MDNkYWEwYjk5In1dLCJfX3YiOjAsImlhdCI6MTcyODk0NjkzNywiZXhwIjoxNzI5MDMzMzM3fQ.qV7ac2qQbiXbKxl4BUF0d_uxSN1x8nE72_jVKULu6yo"} 
 </msg>
<msg timestamp="20241014 20:02:22.823" level="INFO">C:\Python312\Lib\site-packages\urllib3\connectionpool.py:1061: InsecureRequestWarning: Unverified HTTPS request is being made to host 'the-mentalists.qacoders.dev.br'. Adding certificate verification is strongly advised. See: https://urllib3.readthedocs.io/en/1.26.x/advanced-usage.html#ssl-warnings
  warnings.warn(</msg>
<msg timestamp="20241014 20:02:22.823" level="INFO">${resposta} = &lt;Response [200]&gt;</msg>
<status status="PASS" starttime="20241014 20:02:22.371" endtime="20241014 20:02:22.823"/>
</kw>
<kw name="Set Test Variable" library="BuiltIn">
<arg>${TOKEN}</arg>
<arg>${resposta.json()["token"]}</arg>
<doc>Makes a variable available everywhere within the scope of the current test.</doc>
<msg timestamp="20241014 20:02:22.828" level="INFO">${TOKEN} = eyJhbGciOiJIUzI1NiIsInR5cCI6IkpXVCJ9.eyJfaWQiOiI2NmRiNWUxY2ExMGRiNzcwM2RhYTBiOTgiLCJmdWxsTmFtZSI6IlFhLUNvZGVycy1TWVNBRE1JTiIsIm1haWwiOiJzeXNhZG1pbkBxYWNvZGVycy5jb20iLCJwYXNzd29yZCI6IiQyYiQxMCQ5UUNtazd...</msg>
<status status="PASS" starttime="20241014 20:02:22.823" endtime="20241014 20:02:22.828"/>
</kw>
<status status="PASS" starttime="20241014 20:02:22.369" endtime="20241014 20:02:22.828"/>
</kw>
<kw name="Create Dictionary" library="BuiltIn">
<var>${headers}</var>
<arg>accept=application/json</arg>
<arg>Content-Type=application/json</arg>
<arg>Authorization=${TOKEN}</arg>
<doc>Creates and returns a dictionary based on the given ``items``.</doc>
<msg timestamp="20241014 20:02:22.828" level="INFO">${headers} = {'accept': 'application/json', 'Content-Type': 'application/json', 'Authorization': 'eyJhbGciOiJIUzI1NiIsInR5cCI6IkpXVCJ9.eyJfaWQiOiI2NmRiNWUxY2ExMGRiNzcwM2RhYTBiOTgiLCJmdWxsTmFtZSI6IlFhLUNvZGVycy1TWV...</msg>
<status status="PASS" starttime="20241014 20:02:22.828" endtime="20241014 20:02:22.828"/>
</kw>
<kw name="Create Session" library="RequestsLibrary">
<arg>alias=TheMentalists</arg>
<arg>url=https://the-mentalists.qacoders.dev.br</arg>
<arg>headers=${headers}</arg>
<doc>Create Session: create a HTTP session to a server</doc>
<msg timestamp="20241014 20:02:22.828" level="INFO">Creating Session using : alias=TheMentalists, url=https://the-mentalists.qacoders.dev.br, headers={'accept': 'application/json', 'Content-Type': 'application/json', 'Authorization': 'eyJhbGciOiJIUzI1NiIsInR5cCI6IkpXVCJ9.eyJfaWQiOiI2NmRiNWUxY2ExMGRiNzcwM2RhYTBiOTgiLCJmdWxsTmFtZSI6IlFhLUNvZGVycy1TWVNBRE1JTiIsIm1haWwiOiJzeXNhZG1pbkBxYWNvZGVycy5jb20iLCJwYXNzd29yZCI6IiQyYiQxMCQ5UUNtazdNei91eTlFQzFoREdab0tlcGJaSXdaWS5TVW1maDdWS0xWdjR3Y2FJU0FVd1RCRyIsImFjY2Vzc1Byb2ZpbGUiOiJTWVNBRE1JTiIsImNwZiI6IjExMTExMTExMTExIiwic3RhdHVzIjp0cnVlLCJhdWRpdCI6W3sicmVnaXN0ZXJlZEJ5Ijp7InVzZXJJZCI6IjExMTExMTExMTExMTExMTExMSIsInVzZXJMb2dpbiI6InN5c2FkbWluQHFhY29kZXJzLmNvbSJ9LCJyZWdpc3RyYXRpb25EYXRlIjoic2V4dGEtZmVpcmEsIDA2LzA5LzIwMjQsIDE2OjU1OjA4IEJSVCIsInJlZ2lzdHJhdGlvbk51bWJlciI6IjAxIiwiY29tcGFueUlkIjoiUWEuQ29kZXJzIiwiX2lkIjoiNjZkYjVlMWNhMTBkYjc3MDNkYWEwYjk5In1dLCJfX3YiOjAsImlhdCI6MTcyODk0NjkzNywiZXhwIjoxNzI5MDMzMzM3fQ.qV7ac2qQbiXbKxl4BUF0d_uxSN1x8nE72_jVKULu6yo'},                     cookies={}, auth=None, timeout=None, proxies=None, verify=False,                     debug=0 </msg>
<status status="PASS" starttime="20241014 20:02:22.828" endtime="20241014 20:02:22.828"/>
</kw>
<status status="PASS" starttime="20241014 20:02:22.366" endtime="20241014 20:02:22.828"/>
</kw>
<kw name="Listar company" library="company">
<kw name="GET On Session" library="RequestsLibrary">
<var>${resposta}</var>
<arg>alias=TheMentalists</arg>
<arg>url=/api/company</arg>
<doc>Sends a GET request on a previously created HTTP Session.</doc>
<msg timestamp="20241014 20:02:23.248" level="INFO">GET Request : url=https://the-mentalists.qacoders.dev.br/api/company 
 path_url=/api/company 
 headers={'User-Agent': 'python-requests/2.31.0', 'Accept-Encoding': 'gzip, deflate', 'accept': 'application/json', 'Connection': 'keep-alive', 'Content-Type': 'application/json', 'Authorization': 'eyJhbGciOiJIUzI1NiIsInR5cCI6IkpXVCJ9.eyJfaWQiOiI2NmRiNWUxY2ExMGRiNzcwM2RhYTBiOTgiLCJmdWxsTmFtZSI6IlFhLUNvZGVycy1TWVNBRE1JTiIsIm1haWwiOiJzeXNhZG1pbkBxYWNvZGVycy5jb20iLCJwYXNzd29yZCI6IiQyYiQxMCQ5UUNtazdNei91eTlFQzFoREdab0tlcGJaSXdaWS5TVW1maDdWS0xWdjR3Y2FJU0FVd1RCRyIsImFjY2Vzc1Byb2ZpbGUiOiJTWVNBRE1JTiIsImNwZiI6IjExMTExMTExMTExIiwic3RhdHVzIjp0cnVlLCJhdWRpdCI6W3sicmVnaXN0ZXJlZEJ5Ijp7InVzZXJJZCI6IjExMTExMTExMTExMTExMTExMSIsInVzZXJMb2dpbiI6InN5c2FkbWluQHFhY29kZXJzLmNvbSJ9LCJyZWdpc3RyYXRpb25EYXRlIjoic2V4dGEtZmVpcmEsIDA2LzA5LzIwMjQsIDE2OjU1OjA4IEJSVCIsInJlZ2lzdHJhdGlvbk51bWJlciI6IjAxIiwiY29tcGFueUlkIjoiUWEuQ29kZXJzIiwiX2lkIjoiNjZkYjVlMWNhMTBkYjc3MDNkYWEwYjk5In1dLCJfX3YiOjAsImlhdCI6MTcyODk0NjkzNywiZXhwIjoxNzI5MDMzMzM3fQ.qV7ac2qQbiXbKxl4BUF0d_uxSN1x8nE72_jVKULu6yo'} 
 body=None 
 </msg>
<msg timestamp="20241014 20:02:23.248" level="INFO">GET Response : url=https://the-mentalists.qacoders.dev.br/api/company 
 status=200, reason=OK 
 headers={'Server': 'nginx/1.18.0 (Ubuntu)', 'Date': 'Mon, 14 Oct 2024 23:02:17 GMT', 'Content-Type': 'application/json; charset=utf-8', 'Transfer-Encoding': 'chunked', 'Connection': 'keep-alive', 'X-Powered-By': 'Express', 'Access-Control-Allow-Origin': '*', 'Access-Control-Allow-Methods': 'GET, POST, OPTIONS, PUT, PATCH, DELETE', 'Access-Control-Allow-Headers': 'Origin, X-Requested-With, Content-Type, Accept, Authorization', 'ETag': 'W/"95fb-OQyN4yRkTZrYfRFpd+m9B7MrUmw"', 'Content-Encoding': 'gzip'} 
 body=[{"_id":"67064ead1e6a38afe6ea6681","corporateName":"PiLwKnYsaQvKLPWmJoak","registerCompany":"33797101040409","responsibleContact":"Marcio","mail":"PiLwKnYsaQvKLPWmJoak@qacoders.com.br","telephone":"99999999999999","serviceDescription":"Testes","matriz":"Testeprimeiro","status":true,"address":[{"country":"Brasil","zipCode":"04777001","city":"São Paulo","state":"SP","district":"Rua das Flores","street":"Avenida Interlagos","number":"50","complement":"de 4503 ao fim - lado ímpar","_id":"67064ead1e6a38afe6ea6682"}],"audit":[{"registeredBy":{"userId":"66db5e1ca10db7703daa0b98","userLogin":"sysadmin@qacoders.com"},"registrationDate":"quarta-feira, 09/10/2024, 06:36:45 BRT","_id":"67064ead1e6a38afe6ea6683"}],"__v":0},{"_id":"67064ead1e6a38afe6ea668b","corporateName":"VGSIIFtFpOjHrbrxQIyh","registerCompany":"66548076075803","responsibleContact":"Marcio","mail":"VGSIIFtFpOjHrbrxQIyh@qacoders.com.br","telephone":"99999999999999","serviceDescription":"Testes","matriz":"Testeprimeiro","status":true,"address":[{"country":"Brasil","zipCode":"04777001","city":"São Paulo","state":"SP","district":"Rua das Flores","street":"Avenida Interlagos","number":"50","complement":"de 4503 ao fim - lado ímpar","_id":"67064ead1e6a38afe6ea668c"}],"audit":[{"registeredBy":{"userId":"66db5e1ca10db7703daa0b98","userLogin":"sysadmin@qacoders.com"},"registrationDate":"quarta-feira, 09/10/2024, 06:36:45 BRT","_id":"67064ead1e6a38afe6ea668d"}],"__v":0},{"_id":"67064eaf1e6a38afe6ea6696","corporateName":"ANXQLeFbWghbXfuRJWnc","registerCompany":"54048046820431","responsibleContact":"Marcio","mail":"ANXQLeFbWghbXfuRJWnc@qacoders.com.br","telephone":"99999999999999","serviceDescription":"Testes","matriz":"Testeprimeiro","status":false,"address":[{"country":"Brasil","zipCode":"04777001","city":"São Paulo","state":"SP","district":"Rua das Flores","street":"Avenida Interlagos","number":"50","complement":"de 4503 ao fim - lado ímpar","_id":"67064eaf1e6a38afe6ea6697"}],"audit":[{"registeredBy":{"userId":"66db5e1ca10db7703daa0b98","userLogin":"sysadmin@qacoders.com"},"registrationDate":"quarta-feira, 09/10/2024, 06:36:47 BRT","_id":"67064eaf1e6a38afe6ea6698"}],"__v":0},{"_id":"67064eaf1e6a38afe6ea66a6","corporateName":"wPjqzuKwUjIwBJlhIeUM","registerCompany":"83097247079863","responsibleContact":"Marcio","mail":"test@test.com","telephone":"99999999999999","serviceDescription":"Testes","matriz":"Testeprimeiro","status":true,"address":[{"country":"Brasil","zipCode":"04777001","city":"São Paulo","state":"SP","district":"Rua das Flores","street":"Avenida Interlagos","number":"50","complement":"de 4503 ao fim - lado ímpar","_id":"67064eaf1e6a38afe6ea66a7"}],"audit":[{"registeredBy":{"userId":"66db5e1ca10db7703daa0b98","userLogin":"sysadmin@qacoders.com"},"registrationDate":"quarta-feira, 09/10/2024, 06:36:47 BRT","_id":"67064eaf1e6a38afe6ea66a8"},{"updatedBy":{"userId":"66db5e1ca10db7703daa0b98","userLogin":"sysadmin@qacoders.com"},"updateDate":"quarta-feira, 09/10/2024, 06:36:47 BRT","_id":"67064eaf1e6a38afe6ea66b1"}],"__v":0},{"_id":"67064eb01e6a38afe6ea66b9","corporateName":"oYTCBiIrEXUNmQeOCSWt","registerCompany":"70320586657889","responsibleContact":"Marcio","mail":"oYTCBiIrEXUNmQeOCSWt@qacoders.com.br","telephone":"99999999999999","serviceDescription":"Testes","matriz":"Testeprimeiro","status":true,"address":[{"country":"Brasil","zipCode":"04777001","city":"São Paulo","state":"SP","district":"Rua das Flores","street":"Avenida Interlagos","number":"50","complement":"de 4503 ao fim - lado ímpar","_id":"67064eb01e6a38afe6ea66c0"}],"audit":[{"registeredBy":{"userId":"66db5e1ca10db7703daa0b98","userLogin":"sysadmin@qacoders.com"},"registrationDate":"quarta-feira, 09/10/2024, 06:36:48 BRT","_id":"67064eb01e6a38afe6ea66bb"}],"__v":0},{"_id":"670669411e6a38afe6ea66e5","corporateName":"pkGLdYNBkguiWRUwfcGZ","registerCompany":"13201571784540","responsibleContact":"Marcio","mail":"pkGLdYNBkguiWRUwfcGZ@qacoders.com.br","telephone":"99999999999999","serviceDescription":"Testes","matriz":"Testeprimeiro","status":true,"address":[{"country":"Brasil","zipCode":"04777001","city":"São Paulo","state":"SP","district":"Rua das Flores","street":"Avenida Interlagos","number":"50","complement":"de 4503 ao fim - lado ímpar","_id":"670669411e6a38afe6ea66e6"}],"audit":[{"registeredBy":{"userId":"66db5e1ca10db7703daa0b98","userLogin":"sysadmin@qacoders.com"},"registrationDate":"quarta-feira, 09/10/2024, 08:30:09 BRT","_id":"670669411e6a38afe6ea66e7"}],"__v":0},{"_id":"670669421e6a38afe6ea66ef","corporateName":"KNhbpHMrESmlMiFTYqHz","registerCompany":"43371957334940","responsibleContact":"Marcio","mail":"KNhbpHMrESmlMiFTYqHz@qacoders.com.br","telephone":"99999999999999","serviceDescription":"Testes","matriz":"Testeprimeiro","status":true,"address":[{"country":"Brasil","zipCode":"04777001","city":"São Paulo","state":"SP","district":"Rua das Flores","street":"Avenida Interlagos","number":"50","complement":"de 4503 ao fim - lado ímpar","_id":"670669421e6a38afe6ea66f0"}],"audit":[{"registeredBy":{"userId":"66db5e1ca10db7703daa0b98","userLogin":"sysadmin@qacoders.com"},"registrationDate":"quarta-feira, 09/10/2024, 08:30:10 BRT","_id":"670669421e6a38afe6ea66f1"}],"__v":0},{"_id":"670669431e6a38afe6ea66fa","corporateName":"HcdpjczTyMqAcQHgKfqO","registerCompany":"95870705558539","responsibleContact":"Marcio","mail":"HcdpjczTyMqAcQHgKfqO@qacoders.com.br","telephone":"99999999999999","serviceDescription":"Testes","matriz":"Testeprimeiro","status":false,"address":[{"country":"Brasil","zipCode":"04777001","city":"São Paulo","state":"SP","district":"Rua das Flores","street":"Avenida Interlagos","number":"50","complement":"de 4503 ao fim - lado ímpar","_id":"670669431e6a38afe6ea66fb"}],"audit":[{"registeredBy":{"userId":"66db5e1ca10db7703daa0b98","userLogin":"sysadmin@qacoders.com"},"registrationDate":"quarta-feira, 09/10/2024, 08:30:11 BRT","_id":"670669431e6a38afe6ea66fc"}],"__v":0},{"_id":"670669441e6a38afe6ea670a","corporateName":"ZCNvyVtkTypafFEhRmOd","registerCompany":"88106172649285","responsibleContact":"Marcio","mail":"test@test.com","telephone":"99999999999999","serviceDescription":"Testes","matriz":"Testeprimeiro","status":true,"address":[{"country":"Brasil","zipCode":"04777001","city":"São Paulo","state":"SP","district":"Rua das Flores","street":"Avenida Interlagos","number":"50","complement":"de 4503 ao fim - lado ímpar","_id":"670669441e6a38afe6ea670b"}],"audit":[{"registeredBy":{"userId":"66db5e1ca10db7703daa0b98","userLogin":"sysadmin@qacoders.com"},"registrationDate":"quarta-feira, 09/10/2024, 08:30:12 BRT","_id":"670669441e6a38afe6ea670c"},{"updatedBy":{"userId":"66db5e1ca10db7703daa0b98","userLogin":"sysadmin@qacoders.com"},"updateDate":"quarta-feira, 09/10/2024, 08:30:12 BRT","_id":"670669441e6a38afe6ea6715"}],"__v":0},{"_id":"670669441e6a38afe6ea671d","corporateName":"PJnHvtwxKGBasMOGyCuG","registerCompany":"40041083795484","responsibleContact":"Marcio","mail":"PJnHvtwxKGBasMOGyCuG@qacoders.com.br","telephone":"99999999999999","serviceDescription":"Testes","matriz":"Testeprimeiro","status":true,"address":[{"country":"Brasil","zipCode":"04777001","city":"São Paulo","state":"SP","district":"Rua das Flores","street":"Avenida Interlagos","number":"50","complement":"de 4503 ao fim - lado ímpar","_id":"670669441e6a38afe6ea6724"}],"audit":[{"registeredBy":{"userId":"66db5e1ca10db7703daa0b98","userLogin":"sysadmin@qacoders.com"},"registrationDate":"quarta-feira, 09/10/2024, 08:30:12 BRT","_id":"670669441e6a38afe6ea671f"}],"__v":0},{"_id":"67069a2f1e6a38afe6ea6754","corporateName":"MFqWtUDLsbcLakEnJuPS","registerCompany":"20658648739678","responsibleContact":"Marcio","mail":"MFqWtUDLsbcLakEnJuPS@qacoders.com.br","telephone":"99999999999999","serviceDescription":"Testes","matriz":"Testeprimeiro","status":true,"address":[{"country":"Brasil","zipCode":"04777001","city":"São Paulo","state":"SP","district":"Rua das Flores","street":"Avenida Interlagos","number":"50","complement":"de 4503 ao fim - lado ímpar","_id":"67069a2f1e6a38afe6ea6755"}],"audit":[{"registeredBy":{"userId":"66db5e1ca10db7703daa0b98","userLogin":"sysadmin@qacoders.com"},"registrationDate":"quarta-feira, 09/10/2024, 11:58:55 BRT","_id":"67069a2f1e6a38afe6ea6756"}],"__v":0},{"_id":"67069a301e6a38afe6ea675e","corporateName":"YZYSFuEnMSosIIkPTdKq","registerCompany":"23515108208926","responsibleContact":"Marcio","mail":"YZYSFuEnMSosIIkPTdKq@qacoders.com.br","telephone":"99999999999999","serviceDescription":"Testes","matriz":"Testeprimeiro","status":true,"address":[{"country":"Brasil","zipCode":"04777001","city":"São Paulo","state":"SP","district":"Rua das Flores","street":"Avenida Interlagos","number":"50","complement":"de 4503 ao fim - lado ímpar","_id":"67069a301e6a38afe6ea675f"}],"audit":[{"registeredBy":{"userId":"66db5e1ca10db7703daa0b98","userLogin":"sysadmin@qacoders.com"},"registrationDate":"quarta-feira, 09/10/2024, 11:58:56 BRT","_id":"67069a301e6a38afe6ea6760"}],"__v":0},{"_id":"67069a311e6a38afe6ea6769","corporateName":"WTFamArPNuQQjgmelmgN","registerCompany":"44363330570274","responsibleContact":"Marcio","mail":"WTFamArPNuQQjgmelmgN@qacoders.com.br","telephone":"99999999999999","serviceDescription":"Testes","matriz":"Testeprimeiro","status":false,"address":[{"country":"Brasil","zipCode":"04777001","city":"São Paulo","state":"SP","district":"Rua das Flores","street":"Avenida Interlagos","number":"50","complement":"de 4503 ao fim - lado ímpar","_id":"67069a311e6a38afe6ea676a"}],"audit":[{"registeredBy":{"userId":"66db5e1ca10db7703daa0b98","userLogin":"sysadmin@qacoders.com"},"registrationDate":"quarta-feira, 09/10/2024, 11:58:57 BRT","_id":"67069a311e6a38afe6ea676b"}],"__v":0},{"_id":"67069a321e6a38afe6ea6779","corporateName":"vklUSRkudIXxjpyvGBZJ","registerCompany":"56234150199580","responsibleContact":"Marcio","mail":"test@test.com","telephone":"99999999999999","serviceDescription":"Testes","matriz":"Testeprimeiro","status":true,"address":[{"country":"Brasil","zipCode":"04777001","city":"São Paulo","state":"SP","d... (set the log level to DEBUG or TRACE to see the full content) 
 </msg>
<msg timestamp="20241014 20:02:23.248" level="INFO">C:\Python312\Lib\site-packages\urllib3\connectionpool.py:1061: InsecureRequestWarning: Unverified HTTPS request is being made to host 'the-mentalists.qacoders.dev.br'. Adding certificate verification is strongly advised. See: https://urllib3.readthedocs.io/en/1.26.x/advanced-usage.html#ssl-warnings
  warnings.warn(</msg>
<msg timestamp="20241014 20:02:23.258" level="INFO">${resposta} = &lt;Response [200]&gt;</msg>
<status status="PASS" starttime="20241014 20:02:22.828" endtime="20241014 20:02:23.258"/>
</kw>
<kw name="Log" library="BuiltIn">
<arg>${resposta.json()}</arg>
<doc>Logs the given message with the given level.</doc>
<msg timestamp="20241014 20:02:23.258" level="INFO">[{'_id': '67064ead1e6a38afe6ea6681', 'corporateName': 'PiLwKnYsaQvKLPWmJoak', 'registerCompany': '33797101040409', 'responsibleContact': 'Marcio', 'mail': 'PiLwKnYsaQvKLPWmJoak@qacoders.com.br', 'telephone': '99999999999999', 'serviceDescription': 'Testes', 'matriz': 'Testeprimeiro', 'status': True, 'address': [{'country': 'Brasil', 'zipCode': '04777001', 'city': 'São Paulo', 'state': 'SP', 'district': 'Rua das Flores', 'street': 'Avenida Interlagos', 'number': '50', 'complement': 'de 4503 ao fim - lado ímpar', '_id': '67064ead1e6a38afe6ea6682'}], 'audit': [{'registeredBy': {'userId': '66db5e1ca10db7703daa0b98', 'userLogin': 'sysadmin@qacoders.com'}, 'registrationDate': 'quarta-feira, 09/10/2024, 06:36:45 BRT', '_id': '67064ead1e6a38afe6ea6683'}], '__v': 0}, {'_id': '67064ead1e6a38afe6ea668b', 'corporateName': 'VGSIIFtFpOjHrbrxQIyh', 'registerCompany': '66548076075803', 'responsibleContact': 'Marcio', 'mail': 'VGSIIFtFpOjHrbrxQIyh@qacoders.com.br', 'telephone': '99999999999999', 'serviceDescription': 'Testes', 'matriz': 'Testeprimeiro', 'status': True, 'address': [{'country': 'Brasil', 'zipCode': '04777001', 'city': 'São Paulo', 'state': 'SP', 'district': 'Rua das Flores', 'street': 'Avenida Interlagos', 'number': '50', 'complement': 'de 4503 ao fim - lado ímpar', '_id': '67064ead1e6a38afe6ea668c'}], 'audit': [{'registeredBy': {'userId': '66db5e1ca10db7703daa0b98', 'userLogin': 'sysadmin@qacoders.com'}, 'registrationDate': 'quarta-feira, 09/10/2024, 06:36:45 BRT', '_id': '67064ead1e6a38afe6ea668d'}], '__v': 0}, {'_id': '67064eaf1e6a38afe6ea6696', 'corporateName': 'ANXQLeFbWghbXfuRJWnc', 'registerCompany': '54048046820431', 'responsibleContact': 'Marcio', 'mail': 'ANXQLeFbWghbXfuRJWnc@qacoders.com.br', 'telephone': '99999999999999', 'serviceDescription': 'Testes', 'matriz': 'Testeprimeiro', 'status': False, 'address': [{'country': 'Brasil', 'zipCode': '04777001', 'city': 'São Paulo', 'state': 'SP', 'district': 'Rua das Flores', 'street': 'Avenida Interlagos', 'number': '50', 'complement': 'de 4503 ao fim - lado ímpar', '_id': '67064eaf1e6a38afe6ea6697'}], 'audit': [{'registeredBy': {'userId': '66db5e1ca10db7703daa0b98', 'userLogin': 'sysadmin@qacoders.com'}, 'registrationDate': 'quarta-feira, 09/10/2024, 06:36:47 BRT', '_id': '67064eaf1e6a38afe6ea6698'}], '__v': 0}, {'_id': '67064eaf1e6a38afe6ea66a6', 'corporateName': 'wPjqzuKwUjIwBJlhIeUM', 'registerCompany': '83097247079863', 'responsibleContact': 'Marcio', 'mail': 'test@test.com', 'telephone': '99999999999999', 'serviceDescription': 'Testes', 'matriz': 'Testeprimeiro', 'status': True, 'address': [{'country': 'Brasil', 'zipCode': '04777001', 'city': 'São Paulo', 'state': 'SP', 'district': 'Rua das Flores', 'street': 'Avenida Interlagos', 'number': '50', 'complement': 'de 4503 ao fim - lado ímpar', '_id': '67064eaf1e6a38afe6ea66a7'}], 'audit': [{'registeredBy': {'userId': '66db5e1ca10db7703daa0b98', 'userLogin': 'sysadmin@qacoders.com'}, 'registrationDate': 'quarta-feira, 09/10/2024, 06:36:47 BRT', '_id': '67064eaf1e6a38afe6ea66a8'}, {'updatedBy': {'userId': '66db5e1ca10db7703daa0b98', 'userLogin': 'sysadmin@qacoders.com'}, 'updateDate': 'quarta-feira, 09/10/2024, 06:36:47 BRT', '_id': '67064eaf1e6a38afe6ea66b1'}], '__v': 0}, {'_id': '67064eb01e6a38afe6ea66b9', 'corporateName': 'oYTCBiIrEXUNmQeOCSWt', 'registerCompany': '70320586657889', 'responsibleContact': 'Marcio', 'mail': 'oYTCBiIrEXUNmQeOCSWt@qacoders.com.br', 'telephone': '99999999999999', 'serviceDescription': 'Testes', 'matriz': 'Testeprimeiro', 'status': True, 'address': [{'country': 'Brasil', 'zipCode': '04777001', 'city': 'São Paulo', 'state': 'SP', 'district': 'Rua das Flores', 'street': 'Avenida Interlagos', 'number': '50', 'complement': 'de 4503 ao fim - lado ímpar', '_id': '67064eb01e6a38afe6ea66c0'}], 'audit': [{'registeredBy': {'userId': '66db5e1ca10db7703daa0b98', 'userLogin': 'sysadmin@qacoders.com'}, 'registrationDate': 'quarta-feira, 09/10/2024, 06:36:48 BRT', '_id': '67064eb01e6a38afe6ea66bb'}], '__v': 0}, {'_id': '670669411e6a38afe6ea66e5', 'corporateName': 'pkGLdYNBkguiWRUwfcGZ', 'registerCompany': '13201571784540', 'responsibleContact': 'Marcio', 'mail': 'pkGLdYNBkguiWRUwfcGZ@qacoders.com.br', 'telephone': '99999999999999', 'serviceDescription': 'Testes', 'matriz': 'Testeprimeiro', 'status': True, 'address': [{'country': 'Brasil', 'zipCode': '04777001', 'city': 'São Paulo', 'state': 'SP', 'district': 'Rua das Flores', 'street': 'Avenida Interlagos', 'number': '50', 'complement': 'de 4503 ao fim - lado ímpar', '_id': '670669411e6a38afe6ea66e6'}], 'audit': [{'registeredBy': {'userId': '66db5e1ca10db7703daa0b98', 'userLogin': 'sysadmin@qacoders.com'}, 'registrationDate': 'quarta-feira, 09/10/2024, 08:30:09 BRT', '_id': '670669411e6a38afe6ea66e7'}], '__v': 0}, {'_id': '670669421e6a38afe6ea66ef', 'corporateName': 'KNhbpHMrESmlMiFTYqHz', 'registerCompany': '43371957334940', 'responsibleContact': 'Marcio', 'mail': 'KNhbpHMrESmlMiFTYqHz@qacoders.com.br', 'telephone': '99999999999999', 'serviceDescription': 'Testes', 'matriz': 'Testeprimeiro', 'status': True, 'address': [{'country': 'Brasil', 'zipCode': '04777001', 'city': 'São Paulo', 'state': 'SP', 'district': 'Rua das Flores', 'street': 'Avenida Interlagos', 'number': '50', 'complement': 'de 4503 ao fim - lado ímpar', '_id': '670669421e6a38afe6ea66f0'}], 'audit': [{'registeredBy': {'userId': '66db5e1ca10db7703daa0b98', 'userLogin': 'sysadmin@qacoders.com'}, 'registrationDate': 'quarta-feira, 09/10/2024, 08:30:10 BRT', '_id': '670669421e6a38afe6ea66f1'}], '__v': 0}, {'_id': '670669431e6a38afe6ea66fa', 'corporateName': 'HcdpjczTyMqAcQHgKfqO', 'registerCompany': '95870705558539', 'responsibleContact': 'Marcio', 'mail': 'HcdpjczTyMqAcQHgKfqO@qacoders.com.br', 'telephone': '99999999999999', 'serviceDescription': 'Testes', 'matriz': 'Testeprimeiro', 'status': False, 'address': [{'country': 'Brasil', 'zipCode': '04777001', 'city': 'São Paulo', 'state': 'SP', 'district': 'Rua das Flores', 'street': 'Avenida Interlagos', 'number': '50', 'complement': 'de 4503 ao fim - lado ímpar', '_id': '670669431e6a38afe6ea66fb'}], 'audit': [{'registeredBy': {'userId': '66db5e1ca10db7703daa0b98', 'userLogin': 'sysadmin@qacoders.com'}, 'registrationDate': 'quarta-feira, 09/10/2024, 08:30:11 BRT', '_id': '670669431e6a38afe6ea66fc'}], '__v': 0}, {'_id': '670669441e6a38afe6ea670a', 'corporateName': 'ZCNvyVtkTypafFEhRmOd', 'registerCompany': '88106172649285', 'responsibleContact': 'Marcio', 'mail': 'test@test.com', 'telephone': '99999999999999', 'serviceDescription': 'Testes', 'matriz': 'Testeprimeiro', 'status': True, 'address': [{'country': 'Brasil', 'zipCode': '04777001', 'city': 'São Paulo', 'state': 'SP', 'district': 'Rua das Flores', 'street': 'Avenida Interlagos', 'number': '50', 'complement': 'de 4503 ao fim - lado ímpar', '_id': '670669441e6a38afe6ea670b'}], 'audit': [{'registeredBy': {'userId': '66db5e1ca10db7703daa0b98', 'userLogin': 'sysadmin@qacoders.com'}, 'registrationDate': 'quarta-feira, 09/10/2024, 08:30:12 BRT', '_id': '670669441e6a38afe6ea670c'}, {'updatedBy': {'userId': '66db5e1ca10db7703daa0b98', 'userLogin': 'sysadmin@qacoders.com'}, 'updateDate': 'quarta-feira, 09/10/2024, 08:30:12 BRT', '_id': '670669441e6a38afe6ea6715'}], '__v': 0}, {'_id': '670669441e6a38afe6ea671d', 'corporateName': 'PJnHvtwxKGBasMOGyCuG', 'registerCompany': '40041083795484', 'responsibleContact': 'Marcio', 'mail': 'PJnHvtwxKGBasMOGyCuG@qacoders.com.br', 'telephone': '99999999999999', 'serviceDescription': 'Testes', 'matriz': 'Testeprimeiro', 'status': True, 'address': [{'country': 'Brasil', 'zipCode': '04777001', 'city': 'São Paulo', 'state': 'SP', 'district': 'Rua das Flores', 'street': 'Avenida Interlagos', 'number': '50', 'complement': 'de 4503 ao fim - lado ímpar', '_id': '670669441e6a38afe6ea6724'}], 'audit': [{'registeredBy': {'userId': '66db5e1ca10db7703daa0b98', 'userLogin': 'sysadmin@qacoders.com'}, 'registrationDate': 'quarta-feira, 09/10/2024, 08:30:12 BRT', '_id': '670669441e6a38afe6ea671f'}], '__v': 0}, {'_id': '67069a2f1e6a38afe6ea6754', 'corporateName': 'MFqWtUDLsbcLakEnJuPS', 'registerCompany': '20658648739678', 'responsibleContact': 'Marcio', 'mail': 'MFqWtUDLsbcLakEnJuPS@qacoders.com.br', 'telephone': '99999999999999', 'serviceDescription': 'Testes', 'matriz': 'Testeprimeiro', 'status': True, 'address': [{'country': 'Brasil', 'zipCode': '04777001', 'city': 'São Paulo', 'state': 'SP', 'district': 'Rua das Flores', 'street': 'Avenida Interlagos', 'number': '50', 'complement': 'de 4503 ao fim - lado ímpar', '_id': '67069a2f1e6a38afe6ea6755'}], 'audit': [{'registeredBy': {'userId': '66db5e1ca10db7703daa0b98', 'userLogin': 'sysadmin@qacoders.com'}, 'registrationDate': 'quarta-feira, 09/10/2024, 11:58:55 BRT', '_id': '67069a2f1e6a38afe6ea6756'}], '__v': 0}, {'_id': '67069a301e6a38afe6ea675e', 'corporateName': 'YZYSFuEnMSosIIkPTdKq', 'registerCompany': '23515108208926', 'responsibleContact': 'Marcio', 'mail': 'YZYSFuEnMSosIIkPTdKq@qacoders.com.br', 'telephone': '99999999999999', 'serviceDescription': 'Testes', 'matriz': 'Testeprimeiro', 'status': True, 'address': [{'country': 'Brasil', 'zipCode': '04777001', 'city': 'São Paulo', 'state': 'SP', 'district': 'Rua das Flores', 'street': 'Avenida Interlagos', 'number': '50', 'complement': 'de 4503 ao fim - lado ímpar', '_id': '67069a301e6a38afe6ea675f'}], 'audit': [{'registeredBy': {'userId': '66db5e1ca10db7703daa0b98', 'userLogin': 'sysadmin@qacoders.com'}, 'registrationDate': 'quarta-feira, 09/10/2024, 11:58:56 BRT', '_id': '67069a301e6a38afe6ea6760'}], '__v': 0}, {'_id': '67069a311e6a38afe6ea6769', 'corporateName': 'WTFamArPNuQQjgmelmgN', 'registerCompany': '44363330570274', 'responsibleContact': 'Marcio', 'mail': 'WTFamArPNuQQjgmelmgN@qacoders.com.br', 'telephone': '99999999999999', 'serviceDescription': 'Testes', 'matriz': 'Testeprimeiro', 'status': False, 'address': [{'country': 'Brasil', 'zipCode': '04777001', 'city': 'São Paulo', 'state': 'SP', 'district': 'Rua das Flores', 'street': 'Avenida Interlagos', 'number': '50', 'complement': 'de 4503 ao fim - lado ímpar', '_id': '67069a311e6a38afe6ea676a'}], 'audit': [{'registeredBy': {'userId': '66db5e1ca10db7703daa0b98', 'userLogin': 'sysadmin@qacoders.com'}, 'registrationDate': 'quarta-feira, 09/10/2024, 11:58:57 BRT', '_id': '67069a311e6a38afe6ea676b'}], '__v': 0}, {'_id': '67069a321e6a38afe6ea6779', 'corporateName': 'vklUSRkudIXxjpyvGBZJ', 'registerCompany': '56234150199580', 'responsibleContact': 'Marcio', 'mail': 'test@test.com', 'telephone': '99999999999999', 'serviceDescription': 'Testes', 'matriz': 'Testeprimeiro', 'status': True, 'address': [{'country': 'Brasil', 'zipCode': '04777001', 'city': 'São Paulo', 'state': 'SP', 'district': 'Rua das Flores', 'street': 'Avenida Interlagos', 'number': '50', 'complement': 'de 4503 ao fim - lado ímpar', '_id': '67069a321e6a38afe6ea677a'}], 'audit': [{'registeredBy': {'userId': '66db5e1ca10db7703daa0b98', 'userLogin': 'sysadmin@qacoders.com'}, 'registrationDate': 'quarta-feira, 09/10/2024, 11:58:58 BRT', '_id': '67069a321e6a38afe6ea677b'}, {'updatedBy': {'userId': '66db5e1ca10db7703daa0b98', 'userLogin': 'sysadmin@qacoders.com'}, 'updateDate': 'quarta-feira, 09/10/2024, 11:58:58 BRT', '_id': '67069a321e6a38afe6ea6784'}], '__v': 0}, {'_id': '67069a321e6a38afe6ea678c', 'corporateName': 'keoKrjYrRlpQulXJCrNP', 'registerCompany': '83689338993830', 'responsibleContact': 'Marcio', 'mail': 'keoKrjYrRlpQulXJCrNP@qacoders.com.br', 'telephone': '99999999999999', 'serviceDescription': 'Testes', 'matriz': 'Testeprimeiro', 'status': True, 'address': [{'country': 'Brasil', 'zipCode': '04777001', 'city': 'São Paulo', 'state': 'SP', 'district': 'Rua das Flores', 'street': 'Avenida Interlagos', 'number': '50', 'complement': 'de 4503 ao fim - lado ímpar', '_id': '67069a321e6a38afe6ea6793'}], 'audit': [{'registeredBy': {'userId': '66db5e1ca10db7703daa0b98', 'userLogin': 'sysadmin@qacoders.com'}, 'registrationDate': 'quarta-feira, 09/10/2024, 11:58:58 BRT', '_id': '67069a321e6a38afe6ea678e'}], '__v': 0}, {'_id': '67069a941e6a38afe6ea67ce', 'corporateName': 'IDlhXGSwFeevQtkKbIOQ', 'registerCompany': '20215536917913', 'responsibleContact': 'Patrick', 'mail': 'IDlhXGSwFeevQtkKbIOQ@qacoders.com.br', 'telephone': '99999999999999', 'serviceDescription': 'TestesQa', 'matriz': 'Testeprimeiro', 'status': True, 'address': [{'country': 'Brasil', 'zipCode': '04777001', 'city': 'São Paulo', 'state': 'SP', 'district': 'Rua das Flores', 'street': 'Avenida Interlagos', 'number': '50', 'complement': 'de 4503 ao fim - lado ímpar', '_id': '67069a941e6a38afe6ea67cf'}], 'audit': [{'registeredBy': {'userId': '66db5e1ca10db7703daa0b98', 'userLogin': 'sysadmin@qacoders.com'}, 'registrationDate': 'quarta-feira, 09/10/2024, 12:00:36 BRT', '_id': '67069a941e6a38afe6ea67d0'}], '__v': 0}, {'_id': '67069a941e6a38afe6ea67d8', 'corporateName': 'BOAmlgWfJBGOdlWGzSrt', 'registerCompany': '85716107948178', 'responsibleContact': 'Patrick', 'mail': 'BOAmlgWfJBGOdlWGzSrt@qacoders.com.br', 'telephone': '99999999999999', 'serviceDescription': 'TestesQa', 'matriz': 'Testeprimeiro', 'status': True, 'address': [{'country': 'Brasil', 'zipCode': '04777001', 'city': 'São Paulo', 'state': 'SP', 'district': 'Rua das Flores', 'street': 'Avenida Interlagos', 'number': '50', 'complement': 'de 4503 ao fim - lado ímpar', '_id': '67069a941e6a38afe6ea67d9'}], 'audit': [{'registeredBy': {'userId': '66db5e1ca10db7703daa0b98', 'userLogin': 'sysadmin@qacoders.com'}, 'registrationDate': 'quarta-feira, 09/10/2024, 12:00:36 BRT', '_id': '67069a941e6a38afe6ea67da'}], '__v': 0}, {'_id': '67069a961e6a38afe6ea67e3', 'corporateName': 'hYgcQRLDxqkOQNbIbvqX', 'registerCompany': '48231808705458', 'responsibleContact': 'Patrick', 'mail': 'hYgcQRLDxqkOQNbIbvqX@qacoders.com.br', 'telephone': '99999999999999', 'serviceDescription': 'TestesQa', 'matriz': 'Testeprimeiro', 'status': False, 'address': [{'country': 'Brasil', 'zipCode': '04777001', 'city': 'São Paulo', 'state': 'SP', 'district': 'Rua das Flores', 'street': 'Avenida Interlagos', 'number': '50', 'complement': 'de 4503 ao fim - lado ímpar', '_id': '67069a961e6a38afe6ea67e4'}], 'audit': [{'registeredBy': {'userId': '66db5e1ca10db7703daa0b98', 'userLogin': 'sysadmin@qacoders.com'}, 'registrationDate': 'quarta-feira, 09/10/2024, 12:00:38 BRT', '_id': '67069a961e6a38afe6ea67e5'}], '__v': 0}, {'_id': '67069a961e6a38afe6ea67f3', 'corporateName': 'styNgwsynpXxXLowDAPa', 'registerCompany': '96558796070282', 'responsibleContact': 'Patrick', 'mail': 'test@test.com', 'telephone': '99999999999999', 'serviceDescription': 'TestesQa', 'matriz': 'Testeprimeiro', 'status': True, 'address': [{'country': 'Brasil', 'zipCode': '04777001', 'city': 'São Paulo', 'state': 'SP', 'district': 'Rua das Flores', 'street': 'Avenida Interlagos', 'number': '50', 'complement': 'de 4503 ao fim - lado ímpar', '_id': '67069a961e6a38afe6ea67f4'}], 'audit': [{'registeredBy': {'userId': '66db5e1ca10db7703daa0b98', 'userLogin': 'sysadmin@qacoders.com'}, 'registrationDate': 'quarta-feira, 09/10/2024, 12:00:38 BRT', '_id': '67069a961e6a38afe6ea67f5'}, {'updatedBy': {'userId': '66db5e1ca10db7703daa0b98', 'userLogin': 'sysadmin@qacoders.com'}, 'updateDate': 'quarta-feira, 09/10/2024, 12:00:38 BRT', '_id': '67069a961e6a38afe6ea67fe'}], '__v': 0}, {'_id': '67069a971e6a38afe6ea6806', 'corporateName': 'zJXuWoABsEmxuKoWJTKx', 'registerCompany': '10355539574731', 'responsibleContact': 'Patrick', 'mail': 'zJXuWoABsEmxuKoWJTKx@qacoders.com.br', 'telephone': '99999999999999', 'serviceDescription': 'TestesQa', 'matriz': 'Testeprimeiro', 'status': True, 'address': [{'country': 'Brasil', 'zipCode': '04777001', 'city': 'São Paulo', 'state': 'SP', 'district': 'Rua das Flores', 'street': 'Avenida Interlagos', 'number': '50', 'complement': 'de 4503 ao fim - lado ímpar', '_id': '67069a971e6a38afe6ea680d'}], 'audit': [{'registeredBy': {'userId': '66db5e1ca10db7703daa0b98', 'userLogin': 'sysadmin@qacoders.com'}, 'registrationDate': 'quarta-feira, 09/10/2024, 12:00:39 BRT', '_id': '67069a971e6a38afe6ea6808'}], '__v': 0}, {'_id': '670700651e6a38afe6ea723a', 'corporateName': 'KYVdldsoFIuAJjXvCPTS', 'registerCompany': '47970779874785', 'responsibleContact': 'Patrick', 'mail': 'KYVdldsoFIuAJjXvCPTS@qacoders.com.br', 'telephone': '99999999999999', 'serviceDescription': 'TestesQa', 'matriz': 'Testeprimeiro', 'status': True, 'address': [{'country': 'Brasil', 'zipCode': '04777001', 'city': 'São Paulo', 'state': 'SP', 'district': 'Rua das Flores', 'street': 'Avenida Interlagos', 'number': '50', 'complement': 'de 4503 ao fim - lado ímpar', '_id': '670700651e6a38afe6ea723b'}], 'audit': [{'registeredBy': {'userId': '66db5e1ca10db7703daa0b98', 'userLogin': 'sysadmin@qacoders.com'}, 'registrationDate': 'quarta-feira, 09/10/2024, 19:15:01 BRT', '_id': '670700651e6a38afe6ea723c'}], '__v': 0}, {'_id': '670700651e6a38afe6ea7244', 'corporateName': 'JSXbHDjacUIvHyiNOqdJ', 'registerCompany': '93436829579271', 'responsibleContact': 'Patrick', 'mail': 'JSXbHDjacUIvHyiNOqdJ@qacoders.com.br', 'telephone': '99999999999999', 'serviceDescription': 'TestesQa', 'matriz': 'Testeprimeiro', 'status': True, 'address': [{'country': 'Brasil', 'zipCode': '04777001', 'city': 'São Paulo', 'state': 'SP', 'district': 'Rua das Flores', 'street': 'Avenida Interlagos', 'number': '50', 'complement': 'de 4503 ao fim - lado ímpar', '_id': '670700651e6a38afe6ea7245'}], 'audit': [{'registeredBy': {'userId': '66db5e1ca10db7703daa0b98', 'userLogin': 'sysadmin@qacoders.com'}, 'registrationDate': 'quarta-feira, 09/10/2024, 19:15:01 BRT', '_id': '670700651e6a38afe6ea7246'}], '__v': 0}, {'_id': '670700671e6a38afe6ea724f', 'corporateName': 'YZANKWfcMqoLXaoPRpIS', 'registerCompany': '77909938032495', 'responsibleContact': 'Patrick', 'mail': 'YZANKWfcMqoLXaoPRpIS@qacoders.com.br', 'telephone': '99999999999999', 'serviceDescription': 'TestesQa', 'matriz': 'Testeprimeiro', 'status': False, 'address': [{'country': 'Brasil', 'zipCode': '04777001', 'city': 'São Paulo', 'state': 'SP', 'district': 'Rua das Flores', 'street': 'Avenida Interlagos', 'number': '50', 'complement': 'de 4503 ao fim - lado ímpar', '_id': '670700671e6a38afe6ea7250'}], 'audit': [{'registeredBy': {'userId': '66db5e1ca10db7703daa0b98', 'userLogin': 'sysadmin@qacoders.com'}, 'registrationDate': 'quarta-feira, 09/10/2024, 19:15:03 BRT', '_id': '670700671e6a38afe6ea7251'}], '__v': 0}, {'_id': '670700671e6a38afe6ea725f', 'corporateName': 'OwYfswbGMzkySEbyWCtl', 'registerCompany': '54954076419686', 'responsibleContact': 'Patrick', 'mail': 'test@test.com', 'telephone': '99999999999999', 'serviceDescription': 'TestesQa', 'matriz': 'Testeprimeiro', 'status': True, 'address': [{'country': 'Brasil', 'zipCode': '04777001', 'city': 'São Paulo', 'state': 'SP', 'district': 'Rua das Flores', 'street': 'Avenida Interlagos', 'number': '50', 'complement': 'de 4503 ao fim - lado ímpar', '_id': '670700671e6a38afe6ea7260'}], 'audit': [{'registeredBy': {'userId': '66db5e1ca10db7703daa0b98', 'userLogin': 'sysadmin@qacoders.com'}, 'registrationDate': 'quarta-feira, 09/10/2024, 19:15:03 BRT', '_id': '670700671e6a38afe6ea7261'}, {'updatedBy': {'userId': '66db5e1ca10db7703daa0b98', 'userLogin': 'sysadmin@qacoders.com'}, 'updateDate': 'quarta-feira, 09/10/2024, 19:15:04 BRT', '_id': '670700681e6a38afe6ea726a'}], '__v': 0}, {'_id': '670700681e6a38afe6ea7272', 'corporateName': 'lPyRdRmrLQRWztrWuFAh', 'registerCompany': '61789062881437', 'responsibleContact': 'Patrick', 'mail': 'lPyRdRmrLQRWztrWuFAh@qacoders.com.br', 'telephone': '99999999999999', 'serviceDescription': 'TestesQa', 'matriz': 'Testeprimeiro', 'status': True, 'address': [{'country': 'Brasil', 'zipCode': '04777001', 'city': 'São Paulo', 'state': 'SP', 'district': 'Rua das Flores', 'street': 'Avenida Interlagos', 'number': '50', 'complement': 'de 4503 ao fim - lado ímpar', '_id': '670700681e6a38afe6ea7279'}], 'audit': [{'registeredBy': {'userId': '66db5e1ca10db7703daa0b98', 'userLogin': 'sysadmin@qacoders.com'}, 'registrationDate': 'quarta-feira, 09/10/2024, 19:15:04 BRT', '_id': '670700681e6a38afe6ea7274'}], '__v': 0}, {'_id': '670716f31e6a38afe6ea73e1', 'corporateName': 'YVBEVCUHUPLLWzeGUgfQ', 'registerCompany': '35879281948297', 'responsibleContact': 'Patrick', 'mail': 'YVBEVCUHUPLLWzeGUgfQ@qacoders.com.br', 'telephone': '99999999999999', 'serviceDescription': 'TestesQa', 'matriz': 'Testeprimeiro', 'status': True, 'address': [{'country': 'Brasil', 'zipCode': '04777001', 'city': 'São Paulo', 'state': 'SP', 'district': 'Rua das Flores', 'street': 'Avenida Interlagos', 'number': '50', 'complement': 'de 4503 ao fim - lado ímpar', '_id': '670716f31e6a38afe6ea73e2'}], 'audit': [{'registeredBy': {'userId': '66db5e1ca10db7703daa0b98', 'userLogin': 'sysadmin@qacoders.com'}, 'registrationDate': 'quarta-feira, 09/10/2024, 20:51:15 BRT', '_id': '670716f31e6a38afe6ea73e3'}], '__v': 0}, {'_id': '670716f41e6a38afe6ea73eb', 'corporateName': 'lMlCPQPFeswNavNqknxN', 'registerCompany': '09557871456191', 'responsibleContact': 'Patrick', 'mail': 'lMlCPQPFeswNavNqknxN@qacoders.com.br', 'telephone': '99999999999999', 'serviceDescription': 'TestesQa', 'matriz': 'Testeprimeiro', 'status': True, 'address': [{'country': 'Brasil', 'zipCode': '04777001', 'city': 'São Paulo', 'state': 'SP', 'district': 'Rua das Flores', 'street': 'Avenida Interlagos', 'number': '50', 'complement': 'de 4503 ao fim - lado ímpar', '_id': '670716f41e6a38afe6ea73ec'}], 'audit': [{'registeredBy': {'userId': '66db5e1ca10db7703daa0b98', 'userLogin': 'sysadmin@qacoders.com'}, 'registrationDate': 'quarta-feira, 09/10/2024, 20:51:16 BRT', '_id': '670716f41e6a38afe6ea73ed'}], '__v': 0}, {'_id': '670716f51e6a38afe6ea73f6', 'corporateName': 'QNwWSFfmpmsaooxmAodk', 'registerCompany': '54082837183907', 'responsibleContact': 'Patrick', 'mail': 'QNwWSFfmpmsaooxmAodk@qacoders.com.br', 'telephone': '99999999999999', 'serviceDescription': 'TestesQa', 'matriz': 'Testeprimeiro', 'status': False, 'address': [{'country': 'Brasil', 'zipCode': '04777001', 'city': 'São Paulo', 'state': 'SP', 'district': 'Rua das Flores', 'street': 'Avenida Interlagos', 'number': '50', 'complement': 'de 4503 ao fim - lado ímpar', '_id': '670716f51e6a38afe6ea73f7'}], 'audit': [{'registeredBy': {'userId': '66db5e1ca10db7703daa0b98', 'userLogin': 'sysadmin@qacoders.com'}, 'registrationDate': 'quarta-feira, 09/10/2024, 20:51:17 BRT', '_id': '670716f51e6a38afe6ea73f8'}], '__v': 0}, {'_id': '670716f61e6a38afe6ea7406', 'corporateName': 'qLEZJQJeyOLAWkuFfhhO', 'registerCompany': '82461892981956', 'responsibleContact': 'Patrick', 'mail': 'test@test.com', 'telephone': '99999999999999', 'serviceDescription': 'TestesQa', 'matriz': 'Testeprimeiro', 'status': True, 'address': [{'country': 'Brasil', 'zipCode': '04777001', 'city': 'São Paulo', 'state': 'SP', 'district': 'Rua das Flores', 'street': 'Avenida Interlagos', 'number': '50', 'complement': 'de 4503 ao fim - lado ímpar', '_id': '670716f61e6a38afe6ea7407'}], 'audit': [{'registeredBy': {'userId': '66db5e1ca10db7703daa0b98', 'userLogin': 'sysadmin@qacoders.com'}, 'registrationDate': 'quarta-feira, 09/10/2024, 20:51:18 BRT', '_id': '670716f61e6a38afe6ea7408'}, {'updatedBy': {'userId': '66db5e1ca10db7703daa0b98', 'userLogin': 'sysadmin@qacoders.com'}, 'updateDate': 'quarta-feira, 09/10/2024, 20:51:18 BRT', '_id': '670716f61e6a38afe6ea7411'}], '__v': 0}, {'_id': '670716f61e6a38afe6ea7419', 'corporateName': 'bjiCZUXnFxSeMdwGqrwh', 'registerCompany': '65153847872117', 'responsibleContact': 'Patrick', 'mail': 'bjiCZUXnFxSeMdwGqrwh@qacoders.com.br', 'telephone': '99999999999999', 'serviceDescription': 'TestesQa', 'matriz': 'Testeprimeiro', 'status': True, 'address': [{'country': 'Brasil', 'zipCode': '04777001', 'city': 'São Paulo', 'state': 'SP', 'district': 'Rua das Flores', 'street': 'Avenida Interlagos', 'number': '50', 'complement': 'de 4503 ao fim - lado ímpar', '_id': '670716f61e6a38afe6ea7420'}], 'audit': [{'registeredBy': {'userId': '66db5e1ca10db7703daa0b98', 'userLogin': 'sysadmin@qacoders.com'}, 'registrationDate': 'quarta-feira, 09/10/2024, 20:51:18 BRT', '_id': '670716f61e6a38afe6ea741b'}], '__v': 0}, {'_id': '67097c181e6a38afe6ea75e8', 'corporateName': 'GcaFNqlEWgGsRsGMZeZZ', 'registerCompany': '22163827103300', 'responsibleContact': 'Patrick', 'mail': 'GcaFNqlEWgGsRsGMZeZZ@qacoders.com.br', 'telephone': '99999999999999', 'serviceDescription': 'TestesQa', 'matriz': 'Testeprimeiro', 'status': True, 'address': [{'country': 'Brasil', 'zipCode': '04777001', 'city': 'São Paulo', 'state': 'SP', 'district': 'Rua das Flores', 'street': 'Avenida Interlagos', 'number': '50', 'complement': 'de 4503 ao fim - lado ímpar', '_id': '67097c181e6a38afe6ea75e9'}], 'audit': [{'registeredBy': {'userId': '66db5e1ca10db7703daa0b98', 'userLogin': 'sysadmin@qacoders.com'}, 'registrationDate': 'sexta-feira, 11/10/2024, 16:27:20 BRT', '_id': '67097c181e6a38afe6ea75ea'}], '__v': 0}, {'_id': '67097c191e6a38afe6ea75f2', 'corporateName': 'WNTtAzoIdFFYUvpEKQVg', 'registerCompany': '55649234901883', 'responsibleContact': 'Patrick', 'mail': 'WNTtAzoIdFFYUvpEKQVg@qacoders.com.br', 'telephone': '99999999999999', 'serviceDescription': 'TestesQa', 'matriz': 'Testeprimeiro', 'status': True, 'address': [{'country': 'Brasil', 'zipCode': '04777001', 'city': 'São Paulo', 'state': 'SP', 'district': 'Rua das Flores', 'street': 'Avenida Interlagos', 'number': '50', 'complement': 'de 4503 ao fim - lado ímpar', '_id': '67097c191e6a38afe6ea75f3'}], 'audit': [{'registeredBy': {'userId': '66db5e1ca10db7703daa0b98', 'userLogin': 'sysadmin@qacoders.com'}, 'registrationDate': 'sexta-feira, 11/10/2024, 16:27:21 BRT', '_id': '67097c191e6a38afe6ea75f4'}], '__v': 0}, {'_id': '67097c1a1e6a38afe6ea75fd', 'corporateName': 'EMblGwQuFNGNayGekEAm', 'registerCompany': '99552745476562', 'responsibleContact': 'Patrick', 'mail': 'EMblGwQuFNGNayGekEAm@qacoders.com.br', 'telephone': '99999999999999', 'serviceDescription': 'TestesQa', 'matriz': 'Testeprimeiro', 'status': False, 'address': [{'country': 'Brasil', 'zipCode': '04777001', 'city': 'São Paulo', 'state': 'SP', 'district': 'Rua das Flores', 'street': 'Avenida Interlagos', 'number': '50', 'complement': 'de 4503 ao fim - lado ímpar', '_id': '67097c1a1e6a38afe6ea75fe'}], 'audit': [{'registeredBy': {'userId': '66db5e1ca10db7703daa0b98', 'userLogin': 'sysadmin@qacoders.com'}, 'registrationDate': 'sexta-feira, 11/10/2024, 16:27:22 BRT', '_id': '67097c1a1e6a38afe6ea75ff'}], '__v': 0}, {'_id': '67097c1b1e6a38afe6ea760d', 'corporateName': 'SKNSOfcVTwizSsyocQVx', 'registerCompany': '23109083451713', 'responsibleContact': 'Patrick', 'mail': 'test@test.com', 'telephone': '99999999999999', 'serviceDescription': 'TestesQa', 'matriz': 'Testeprimeiro', 'status': True, 'address': [{'country': 'Brasil', 'zipCode': '04777001', 'city': 'São Paulo', 'state': 'SP', 'district': 'Rua das Flores', 'street': 'Avenida Interlagos', 'number': '50', 'complement': 'de 4503 ao fim - lado ímpar', '_id': '67097c1b1e6a38afe6ea760e'}], 'audit': [{'registeredBy': {'userId': '66db5e1ca10db7703daa0b98', 'userLogin': 'sysadmin@qacoders.com'}, 'registrationDate': 'sexta-feira, 11/10/2024, 16:27:23 BRT', '_id': '67097c1b1e6a38afe6ea760f'}, {'updatedBy': {'userId': '66db5e1ca10db7703daa0b98', 'userLogin': 'sysadmin@qacoders.com'}, 'updateDate': 'sexta-feira, 11/10/2024, 16:27:23 BRT', '_id': '67097c1b1e6a38afe6ea7618'}], '__v': 0}, {'_id': '67097c1b1e6a38afe6ea7620', 'corporateName': 'uNFOFVFFPpuIMMliOwtS', 'registerCompany': '29160098800165', 'responsibleContact': 'Patrick', 'mail': 'uNFOFVFFPpuIMMliOwtS@qacoders.com.br', 'telephone': '99999999999999', 'serviceDescription': 'TestesQa', 'matriz': 'Testeprimeiro', 'status': True, 'address': [{'country': 'Brasil', 'zipCode': '04777001', 'city': 'São Paulo', 'state': 'SP', 'district': 'Rua das Flores', 'street': 'Avenida Interlagos', 'number': '50', 'complement': 'de 4503 ao fim - lado ímpar', '_id': '67097c1c1e6a38afe6ea7627'}], 'audit': [{'registeredBy': {'userId': '66db5e1ca10db7703daa0b98', 'userLogin': 'sysadmin@qacoders.com'}, 'registrationDate': 'sexta-feira, 11/10/2024, 16:27:23 BRT', '_id': '67097c1b1e6a38afe6ea7622'}], '__v': 0}, {'_id': '67097c3c1e6a38afe6ea768e', 'corporateName': 'MnVTOxUamzayvEBeHinn', 'registerCompany': '16723955215654', 'responsibleContact': 'Patrick', 'mail': 'MnVTOxUamzayvEBeHinn@qacoders.com.br', 'telephone': '99999999999999', 'serviceDescription': 'TestesQa', 'matriz': 'Testeprimeiro', 'status': True, 'address': [{'country': 'Brasil', 'zipCode': '04777001', 'city': 'São Paulo', 'state': 'SP', 'district': 'Rua das Flores', 'street': 'Avenida Interlagos', 'number': '50', 'complement': 'de 4503 ao fim - lado ímpar', '_id': '67097c3c1e6a38afe6ea768f'}], 'audit': [{'registeredBy': {'userId': '66db5e1ca10db7703daa0b98', 'userLogin': 'sysadmin@qacoders.com'}, 'registrationDate': 'sexta-feira, 11/10/2024, 16:27:56 BRT', '_id': '67097c3c1e6a38afe6ea7690'}], '__v': 0}, {'_id': '67097c3d1e6a38afe6ea7698', 'corporateName': 'CcHFRqypbRclSrXpLXQK', 'registerCompany': '79598333196526', 'responsibleContact': 'Patrick', 'mail': 'CcHFRqypbRclSrXpLXQK@qacoders.com.br', 'telephone': '99999999999999', 'serviceDescription': 'TestesQa', 'matriz': 'Testeprimeiro', 'status': True, 'address': [{'country': 'Brasil', 'zipCode': '04777001', 'city': 'São Paulo', 'state': 'SP', 'district': 'Rua das Flores', 'street': 'Avenida Interlagos', 'number': '50', 'complement': 'de 4503 ao fim - lado ímpar', '_id': '67097c3d1e6a38afe6ea7699'}], 'audit': [{'registeredBy': {'userId': '66db5e1ca10db7703daa0b98', 'userLogin': 'sysadmin@qacoders.com'}, 'registrationDate': 'sexta-feira, 11/10/2024, 16:27:57 BRT', '_id': '67097c3d1e6a38afe6ea769a'}], '__v': 0}, {'_id': '67097c3e1e6a38afe6ea76a3', 'corporateName': 'REhcHAFKAIMwKsEsrUJS', 'registerCompany': '16289471336106', 'responsibleContact': 'Patrick', 'mail': 'REhcHAFKAIMwKsEsrUJS@qacoders.com.br', 'telephone': '99999999999999', 'serviceDescription': 'TestesQa', 'matriz': 'Testeprimeiro', 'status': False, 'address': [{'country': 'Brasil', 'zipCode': '04777001', 'city': 'São Paulo', 'state': 'SP', 'district': 'Rua das Flores', 'street': 'Avenida Interlagos', 'number': '50', 'complement': 'de 4503 ao fim - lado ímpar', '_id': '67097c3e1e6a38afe6ea76a4'}], 'audit': [{'registeredBy': {'userId': '66db5e1ca10db7703daa0b98', 'userLogin': 'sysadmin@qacoders.com'}, 'registrationDate': 'sexta-feira, 11/10/2024, 16:27:58 BRT', '_id': '67097c3e1e6a38afe6ea76a5'}], '__v': 0}, {'_id': '67097c3f1e6a38afe6ea76b3', 'corporateName': 'MgtxYRBCehraSwzpgKHO', 'registerCompany': '16631124020807', 'responsibleContact': 'Patrick', 'mail': 'test@test.com', 'telephone': '99999999999999', 'serviceDescription': 'TestesQa', 'matriz': 'Testeprimeiro', 'status': True, 'address': [{'country': 'Brasil', 'zipCode': '04777001', 'city': 'São Paulo', 'state': 'SP', 'district': 'Rua das Flores', 'street': 'Avenida Interlagos', 'number': '50', 'complement': 'de 4503 ao fim - lado ímpar', '_id': '67097c3f1e6a38afe6ea76b4'}], 'audit': [{'registeredBy': {'userId': '66db5e1ca10db7703daa0b98', 'userLogin': 'sysadmin@qacoders.com'}, 'registrationDate': 'sexta-feira, 11/10/2024, 16:27:59 BRT', '_id': '67097c3f1e6a38afe6ea76b5'}, {'updatedBy': {'userId': '66db5e1ca10db7703daa0b98', 'userLogin': 'sysadmin@qacoders.com'}, 'updateDate': 'sexta-feira, 11/10/2024, 16:27:59 BRT', '_id': '67097c3f1e6a38afe6ea76be'}], '__v': 0}, {'_id': '67097c401e6a38afe6ea76c6',
[...]
</kw>
<kw name="Criar dados da company" library="company">
<kw name="Generate Random String" library="String">
<var>${palavra_aleatoria}</var>
<arg>length=20</arg>
<arg>chars=[LETTERS]</arg>
<doc>Generates a string with a desired ``length`` from the given ``chars``.</doc>
<msg timestamp="20241014 20:02:29.288" level="INFO">${palavra_aleatoria} = qCHxtKSXwlmUFZylmvkS</msg>
<status status="PASS" starttime="20241014 20:02:29.288" endtime="20241014 20:02:29.288"/>
</kw>
<kw name="Set Suite Variable" library="BuiltIn">
<arg>${COMPANY_NOME}</arg>
<arg>${palavra_aleatoria}</arg>
<doc>Makes a variable available everywhere within the scope of the current suite.</doc>
<msg timestamp="20241014 20:02:29.288" level="INFO">${COMPANY_NOME} = qCHxtKSXwlmUFZylmvkS</msg>
<status status="PASS" starttime="20241014 20:02:29.288" endtime="20241014 20:02:29.288"/>
</kw>
<kw name="Generate Random String" library="String">
<var>${numero_randomico}</var>
<arg>length=14</arg>
<arg>chars=[NUMBERS]</arg>
<doc>Generates a string with a desired ``length`` from the given ``chars``.</doc>
<msg timestamp="20241014 20:02:29.288" level="INFO">${numero_randomico} = 16939839291332</msg>
<status status="PASS" starttime="20241014 20:02:29.288" endtime="20241014 20:02:29.288"/>
</kw>
<kw name="Set Suite Variable" library="BuiltIn">
<arg>${CNPJ_RANDOM}</arg>
<arg>${numero_randomico}</arg>
<doc>Makes a variable available everywhere within the scope of the current suite.</doc>
<msg timestamp="20241014 20:02:29.288" level="INFO">${CNPJ_RANDOM} = 16939839291332</msg>
<status status="PASS" starttime="20241014 20:02:29.288" endtime="20241014 20:02:29.288"/>
</kw>
<kw name="Set Suite Variable" library="BuiltIn">
<arg>${EMAIL_RANDOM}</arg>
<arg>${palavra_aleatoria}@qacoders.com.br</arg>
<doc>Makes a variable available everywhere within the scope of the current suite.</doc>
<msg timestamp="20241014 20:02:29.288" level="INFO">${EMAIL_RANDOM} = qCHxtKSXwlmUFZylmvkS@qacoders.com.br</msg>
<status status="PASS" starttime="20241014 20:02:29.288" endtime="20241014 20:02:29.288"/>
</kw>
<kw name="Set Suite Variable" library="BuiltIn">
<arg>${RAZÃO SOCIAL}</arg>
<arg>${company_nome}</arg>
<doc>Makes a variable available everywhere within the scope of the current suite.</doc>
<msg timestamp="20241014 20:02:29.288" level="INFO">${RAZÃO SOCIAL} = qCHxtKSXwlmUFZylmvkS</msg>
<status status="PASS" starttime="20241014 20:02:29.288" endtime="20241014 20:02:29.288"/>
</kw>
<kw name="Set Suite Variable" library="BuiltIn">
<arg>${CONTATO-RESPONSAVEL}</arg>
<arg>${palavra_aleatoria} R${palavra_aleatoria}</arg>
<doc>Makes a variable available everywhere within the scope of the current suite.</doc>
<msg timestamp="20241014 20:02:29.297" level="INFO">${CONTATO-RESPONSAVEL} = qCHxtKSXwlmUFZylmvkS RqCHxtKSXwlmUFZylmvkS</msg>
<status status="PASS" starttime="20241014 20:02:29.288" endtime="20241014 20:02:29.297"/>
</kw>
<kw name="Set Suite Variable" library="BuiltIn">
<arg>${NUMERO_TELEFONE}</arg>
<arg>+(55)${numero_randomico}</arg>
<doc>Makes a variable available everywhere within the scope of the current suite.</doc>
<msg timestamp="20241014 20:02:29.297" level="INFO">${NUMERO_TELEFONE} = +(55)16939839291332</msg>
<status status="PASS" starttime="20241014 20:02:29.297" endtime="20241014 20:02:29.297"/>
</kw>
<kw name="Set Suite Variable" library="BuiltIn">
<arg>${DESCRICAO}</arg>
<arg>${palavra_aleatoria}</arg>
<doc>Makes a variable available everywhere within the scope of the current suite.</doc>
<msg timestamp="20241014 20:02:29.297" level="INFO">${DESCRICAO} = qCHxtKSXwlmUFZylmvkS</msg>
<status status="PASS" starttime="20241014 20:02:29.297" endtime="20241014 20:02:29.297"/>
</kw>
<kw name="Set Suite Variable" library="BuiltIn">
<arg>${LOGRADOURO}</arg>
<arg>${palavra_aleatoria}</arg>
<doc>Makes a variable available everywhere within the scope of the current suite.</doc>
<msg timestamp="20241014 20:02:29.297" level="INFO">${LOGRADOURO} = qCHxtKSXwlmUFZylmvkS</msg>
<status status="PASS" starttime="20241014 20:02:29.297" endtime="20241014 20:02:29.297"/>
</kw>
<kw name="Generate Random String" library="String">
<var>${numero}</var>
<arg>length=10</arg>
<arg>chars=[NUMBERS]</arg>
<doc>Generates a string with a desired ``length`` from the given ``chars``.</doc>
<msg timestamp="20241014 20:02:29.298" level="INFO">${numero} = 5825324980</msg>
<status status="PASS" starttime="20241014 20:02:29.298" endtime="20241014 20:02:29.298"/>
</kw>
<kw name="Set Suite Variable" library="BuiltIn">
<arg>${NUMERO_COMPANY}</arg>
<arg>${numero}</arg>
<doc>Makes a variable available everywhere within the scope of the current suite.</doc>
<msg timestamp="20241014 20:02:29.298" level="INFO">${NUMERO_COMPANY} = 5825324980</msg>
<status status="PASS" starttime="20241014 20:02:29.298" endtime="20241014 20:02:29.298"/>
</kw>
<status status="PASS" starttime="20241014 20:02:29.288" endtime="20241014 20:02:29.298"/>
</kw>
<kw name="Cadastrar company" library="company">
<kw name="Create Dictionary" library="BuiltIn">
<var>${address}</var>
<arg>zipCode=04777001</arg>
<arg>city=São Paulo</arg>
<arg>state=SP</arg>
<arg>district=Rua das Flores</arg>
<arg>street=Avenida Interlagos</arg>
<arg>number=50</arg>
<arg>complement=de 4503 ao fim - lado ímpar</arg>
<arg>country=Brasil</arg>
<doc>Creates and returns a dictionary based on the given ``items``.</doc>
<msg timestamp="20241014 20:02:29.302" level="INFO">${address} = {'zipCode': '04777001', 'city': 'São Paulo', 'state': 'SP', 'district': 'Rua das Flores', 'street': 'Avenida Interlagos', 'number': '50', 'complement': 'de 4503 ao fim - lado ímpar', 'country': 'Brasi...</msg>
<status status="PASS" starttime="20241014 20:02:29.302" endtime="20241014 20:02:29.302"/>
</kw>
<kw name="Create List" library="BuiltIn">
<var>${listAddress}</var>
<arg>${address}</arg>
<doc>Returns a list containing given items.</doc>
<msg timestamp="20241014 20:02:29.302" level="INFO">${listAddress} = [{'zipCode': '04777001', 'city': 'São Paulo', 'state': 'SP', 'district': 'Rua das Flores', 'street': 'Avenida Interlagos', 'number': '50', 'complement': 'de 4503 ao fim - lado ímpar', 'country': 'Bras...</msg>
<status status="PASS" starttime="20241014 20:02:29.302" endtime="20241014 20:02:29.302"/>
</kw>
<kw name="Create Dictionary" library="BuiltIn">
<var>${body}</var>
<arg>corporateName=${COMPANY_NOME}</arg>
<arg>registerCompany=${CNPJ_RANDOM}</arg>
<arg>mail=${EMAIL_RANDOM}</arg>
<arg>matriz=Testeprimeiro</arg>
<arg>responsibleContact=Patrick</arg>
<arg>telephone=99999999999999</arg>
<arg>serviceDescription=TestesQa</arg>
<arg>address=${listAddress}</arg>
<doc>Creates and returns a dictionary based on the given ``items``.</doc>
<msg timestamp="20241014 20:02:29.305" level="INFO">${body} = {'corporateName': 'qCHxtKSXwlmUFZylmvkS', 'registerCompany': '16939839291332', 'mail': 'qCHxtKSXwlmUFZylmvkS@qacoders.com.br', 'matriz': 'Testeprimeiro', 'responsibleContact': 'Patrick', 'telephone': ...</msg>
<status status="PASS" starttime="20241014 20:02:29.305" endtime="20241014 20:02:29.305"/>
</kw>
<kw name="Log" library="BuiltIn">
<arg>{body}</arg>
<doc>Logs the given message with the given level.</doc>
<msg timestamp="20241014 20:02:29.305" level="INFO">{body}</msg>
<status status="PASS" starttime="20241014 20:02:29.305" endtime="20241014 20:02:29.305"/>
</kw>
<kw name="POST On Session" library="RequestsLibrary">
<var>${resposta}</var>
<arg>alias=TheMentalists</arg>
<arg>url=/api/company</arg>
<arg>json=${body}</arg>
<doc>Sends a POST request on a previously created HTTP Session.</doc>
<msg timestamp="20241014 20:02:29.718" level="INFO">POST Request : url=https://the-mentalists.qacoders.dev.br/api/company 
 path_url=/api/company 
 headers={'User-Agent': 'python-requests/2.31.0', 'Accept-Encoding': 'gzip, deflate', 'accept': 'application/json', 'Connection': 'keep-alive', 'Content-Type': 'application/json', 'Authorization': 'eyJhbGciOiJIUzI1NiIsInR5cCI6IkpXVCJ9.eyJfaWQiOiI2NmRiNWUxY2ExMGRiNzcwM2RhYTBiOTgiLCJmdWxsTmFtZSI6IlFhLUNvZGVycy1TWVNBRE1JTiIsIm1haWwiOiJzeXNhZG1pbkBxYWNvZGVycy5jb20iLCJwYXNzd29yZCI6IiQyYiQxMCQ5UUNtazdNei91eTlFQzFoREdab0tlcGJaSXdaWS5TVW1maDdWS0xWdjR3Y2FJU0FVd1RCRyIsImFjY2Vzc1Byb2ZpbGUiOiJTWVNBRE1JTiIsImNwZiI6IjExMTExMTExMTExIiwic3RhdHVzIjp0cnVlLCJhdWRpdCI6W3sicmVnaXN0ZXJlZEJ5Ijp7InVzZXJJZCI6IjExMTExMTExMTExMTExMTExMSIsInVzZXJMb2dpbiI6InN5c2FkbWluQHFhY29kZXJzLmNvbSJ9LCJyZWdpc3RyYXRpb25EYXRlIjoic2V4dGEtZmVpcmEsIDA2LzA5LzIwMjQsIDE2OjU1OjA4IEJSVCIsInJlZ2lzdHJhdGlvbk51bWJlciI6IjAxIiwiY29tcGFueUlkIjoiUWEuQ29kZXJzIiwiX2lkIjoiNjZkYjVlMWNhMTBkYjc3MDNkYWEwYjk5In1dLCJfX3YiOjAsImlhdCI6MTcyODk0Njk0MywiZXhwIjoxNzI5MDMzMzQzfQ.qNR7aBLUoUI5AE27naXh7WKPhV7PKiVCrDv8yjBCbQg', 'Content-Length': '479'} 
 body=b'{"corporateName": "qCHxtKSXwlmUFZylmvkS", "registerCompany": "16939839291332", "mail": "qCHxtKSXwlmUFZylmvkS@qacoders.com.br", "matriz": "Testeprimeiro", "responsibleContact": "Patrick", "telephone": "99999999999999", "serviceDescription": "TestesQa", "address": [{"zipCode": "04777001", "city": "S\\u00e3o Paulo", "state": "SP", "district": "Rua das Flores", "street": "Avenida Interlagos", "number": "50", "complement": "de 4503 ao fim - lado \\u00edmpar", "country": "Brasil"}]}' 
 </msg>
<msg timestamp="20241014 20:02:29.718" level="INFO">POST Response : url=https://the-mentalists.qacoders.dev.br/api/company 
 status=201, reason=Created 
 headers={'Server': 'nginx/1.18.0 (Ubuntu)', 'Date': 'Mon, 14 Oct 2024 23:02:24 GMT', 'Content-Type': 'application/json; charset=utf-8', 'Content-Length': '813', 'Connection': 'keep-alive', 'X-Powered-By': 'Express', 'Access-Control-Allow-Origin': '*', 'Access-Control-Allow-Methods': 'GET, POST, OPTIONS, PUT, PATCH, DELETE', 'Access-Control-Allow-Headers': 'Origin, X-Requested-With, Content-Type, Accept, Authorization', 'ETag': 'W/"32d-eAyQcP3t27D7G2dlc2RkuNuiezk"'} 
 body={"msg":"Olá a companhia qCHxtKSXwlmUFZylmvkS foi cadastrada com sucesso.","newCompany":{"corporateName":"qCHxtKSXwlmUFZylmvkS","registerCompany":"16939839291332","responsibleContact":"Patrick","mail":"qCHxtKSXwlmUFZylmvkS@qacoders.com.br","telephone":"99999999999999","serviceDescription":"TestesQa","matriz":"Testeprimeiro","status":true,"address":[{"country":"Brasil","zipCode":"04777001","city":"São Paulo","state":"SP","district":"Rua das Flores","street":"Avenida Interlagos","number":"50","complement":"de 4503 ao fim - lado ímpar","_id":"670da3001e6a38afe6ea7996"}],"audit":[{"registrationDate":"segunda-feira, 14/10/2024, 20:02:24 BRT","registeredBy":{"userId":"66db5e1ca10db7703daa0b98","userLogin":"sysadmin@qacoders.com"},"_id":"670da3001e6a38afe6ea7997"}],"_id":"670da3001e6a38afe6ea7995","__v":0}} 
 </msg>
<msg timestamp="20241014 20:02:29.718" level="INFO">C:\Python312\Lib\site-packages\urllib3\connectionpool.py:1061: InsecureRequestWarning: Unverified HTTPS request is being made to host 'the-mentalists.qacoders.dev.br'. Adding certificate verification is strongly advised. See: https://urllib3.readthedocs.io/en/1.26.x/advanced-usage.html#ssl-warnings
  warnings.warn(</msg>
<msg timestamp="20241014 20:02:29.718" level="INFO">${resposta} = &lt;Response [201]&gt;</msg>
<status status="PASS" starttime="20241014 20:02:29.306" endtime="20241014 20:02:29.718"/>
</kw>
<kw name="Log" library="BuiltIn">
<arg>${resposta.json()}</arg>
<doc>Logs the given message with the given level.</doc>
<msg timestamp="20241014 20:02:29.722" level="INFO">{'msg': 'Olá a companhia qCHxtKSXwlmUFZylmvkS foi cadastrada com sucesso.', 'newCompany': {'corporateName': 'qCHxtKSXwlmUFZylmvkS', 'registerCompany': '16939839291332', 'responsibleContact': 'Patrick', 'mail': 'qCHxtKSXwlmUFZylmvkS@qacoders.com.br', 'telephone': '99999999999999', 'serviceDescription': 'TestesQa', 'matriz': 'Testeprimeiro', 'status': True, 'address': [{'country': 'Brasil', 'zipCode': '04777001', 'city': 'São Paulo', 'state': 'SP', 'district': 'Rua das Flores', 'street': 'Avenida Interlagos', 'number': '50', 'complement': 'de 4503 ao fim - lado ímpar', '_id': '670da3001e6a38afe6ea7996'}], 'audit': [{'registrationDate': 'segunda-feira, 14/10/2024, 20:02:24 BRT', 'registeredBy': {'userId': '66db5e1ca10db7703daa0b98', 'userLogin': 'sysadmin@qacoders.com'}, '_id': '670da3001e6a38afe6ea7997'}], '_id': '670da3001e6a38afe6ea7995', '__v': 0}}</msg>
<status status="PASS" starttime="20241014 20:02:29.718" endtime="20241014 20:02:29.722"/>
</kw>
<kw name="Set Suite Variable" library="BuiltIn">
<arg>${id_company}</arg>
<arg>${resposta.json()["newCompany"]["_id"]}</arg>
<doc>Makes a variable available everywhere within the scope of the current suite.</doc>
<msg timestamp="20241014 20:02:29.722" level="INFO">${id_company} = 670da3001e6a38afe6ea7995</msg>
<status status="PASS" starttime="20241014 20:02:29.722" endtime="20241014 20:02:29.722"/>
</kw>
<status status="PASS" starttime="20241014 20:02:29.301" endtime="20241014 20:02:29.722"/>
</kw>
<kw name="Editar endereço da company" library="company">
<kw name="Create Dictionary" library="BuiltIn">
<var>${address}</var>
<arg>zipCode=04777001</arg>
<arg>city=São Paulo</arg>
<arg>state=SP</arg>
<arg>district=Rua das Flores</arg>
<arg>street=Avenida Interlagos</arg>
<arg>number=50</arg>
<arg>complement=de 4503 ao fim - lado ímpar</arg>
<arg>country=Brasil</arg>
<doc>Creates and returns a dictionary based on the given ``items``.</doc>
<msg timestamp="20241014 20:02:29.722" level="INFO">${address} = {'zipCode': '04777001', 'city': 'São Paulo', 'state': 'SP', 'district': 'Rua das Flores', 'street': 'Avenida Interlagos', 'number': '50', 'complement': 'de 4503 ao fim - lado ímpar', 'country': 'Brasi...</msg>
<status status="PASS" starttime="20241014 20:02:29.722" endtime="20241014 20:02:29.722"/>
</kw>
<kw name="Create List" library="BuiltIn">
<var>${listAddress}</var>
<arg>${address}</arg>
<doc>Returns a list containing given items.</doc>
<msg timestamp="20241014 20:02:29.722" level="INFO">${listAddress} = [{'zipCode': '04777001', 'city': 'São Paulo', 'state': 'SP', 'district': 'Rua das Flores', 'street': 'Avenida Interlagos', 'number': '50', 'complement': 'de 4503 ao fim - lado ímpar', 'country': 'Bras...</msg>
<status status="PASS" starttime="20241014 20:02:29.722" endtime="20241014 20:02:29.722"/>
</kw>
<kw name="Create Dictionary" library="BuiltIn">
<var>${body}</var>
<arg>address=${listAddress}</arg>
<doc>Creates and returns a dictionary based on the given ``items``.</doc>
<msg timestamp="20241014 20:02:29.722" level="INFO">${body} = {'address': [{'zipCode': '04777001', 'city': 'São Paulo', 'state': 'SP', 'district': 'Rua das Flores', 'street': 'Avenida Interlagos', 'number': '50', 'complement': 'de 4503 ao fim - lado ímpar', 'cou...</msg>
<status status="PASS" starttime="20241014 20:02:29.722" endtime="20241014 20:02:29.722"/>
</kw>
<kw name="PUT On Session" library="RequestsLibrary">
<var>${resposta}</var>
<arg>alias=TheMentalists</arg>
<arg>url=/api/company/address/${id_company}</arg>
<arg>json=${body}</arg>
<doc>Sends a PUT request on a previously created HTTP Session.</doc>
<msg timestamp="20241014 20:02:29.900" level="INFO">PUT Request : url=https://the-mentalists.qacoders.dev.br/api/company/address/670da3001e6a38afe6ea7995 
 path_url=/api/company/address/670da3001e6a38afe6ea7995 
 headers={'User-Agent': 'python-requests/2.31.0', 'Accept-Encoding': 'gzip, deflate', 'accept': 'application/json', 'Connection': 'keep-alive', 'Content-Type': 'application/json', 'Authorization': 'eyJhbGciOiJIUzI1NiIsInR5cCI6IkpXVCJ9.eyJfaWQiOiI2NmRiNWUxY2ExMGRiNzcwM2RhYTBiOTgiLCJmdWxsTmFtZSI6IlFhLUNvZGVycy1TWVNBRE1JTiIsIm1haWwiOiJzeXNhZG1pbkBxYWNvZGVycy5jb20iLCJwYXNzd29yZCI6IiQyYiQxMCQ5UUNtazdNei91eTlFQzFoREdab0tlcGJaSXdaWS5TVW1maDdWS0xWdjR3Y2FJU0FVd1RCRyIsImFjY2Vzc1Byb2ZpbGUiOiJTWVNBRE1JTiIsImNwZiI6IjExMTExMTExMTExIiwic3RhdHVzIjp0cnVlLCJhdWRpdCI6W3sicmVnaXN0ZXJlZEJ5Ijp7InVzZXJJZCI6IjExMTExMTExMTExMTExMTExMSIsInVzZXJMb2dpbiI6InN5c2FkbWluQHFhY29kZXJzLmNvbSJ9LCJyZWdpc3RyYXRpb25EYXRlIjoic2V4dGEtZmVpcmEsIDA2LzA5LzIwMjQsIDE2OjU1OjA4IEJSVCIsInJlZ2lzdHJhdGlvbk51bWJlciI6IjAxIiwiY29tcGFueUlkIjoiUWEuQ29kZXJzIiwiX2lkIjoiNjZkYjVlMWNhMTBkYjc3MDNkYWEwYjk5In1dLCJfX3YiOjAsImlhdCI6MTcyODk0Njk0MywiZXhwIjoxNzI5MDMzMzQzfQ.qNR7aBLUoUI5AE27naXh7WKPhV7PKiVCrDv8yjBCbQg', 'Content-Length': '228'} 
 body=b'{"address": [{"zipCode": "04777001", "city": "S\\u00e3o Paulo", "state": "SP", "district": "Rua das Flores", "street": "Avenida Interlagos", "number": "50", "complement": "de 4503 ao fim - lado \\u00edmpar", "country": "Brasil"}]}' 
 </msg>
<msg timestamp="20241014 20:02:29.900" level="INFO">PUT Response : url=https://the-mentalists.qacoders.dev.br/api/company/address/670da3001e6a38afe6ea7995 
 status=201, reason=Created 
 headers={'Server': 'nginx/1.18.0 (Ubuntu)', 'Date': 'Mon, 14 Oct 2024 23:02:24 GMT', 'Content-Type': 'application/json; charset=utf-8', 'Content-Length': '797', 'Connection': 'keep-alive', 'X-Powered-By': 'Express', 'Access-Control-Allow-Origin': '*', 'Access-Control-Allow-Methods': 'GET, POST, OPTIONS, PUT, PATCH, DELETE', 'Access-Control-Allow-Headers': 'Origin, X-Requested-With, Content-Type, Accept, Authorization', 'ETag': 'W/"31d-VUZZrypYOBhP855yjljd8BZtdsk"'} 
 body={"msg":"Endereço da companhia atualizado com sucesso.","updateCompany":{"_id":"670da3001e6a38afe6ea7995","corporateName":"qCHxtKSXwlmUFZylmvkS","registerCompany":"16939839291332","responsibleContact":"Patrick","mail":"qCHxtKSXwlmUFZylmvkS@qacoders.com.br","telephone":"99999999999999","serviceDescription":"TestesQa","matriz":"Testeprimeiro","status":true,"address":[{"country":"Brasil","zipCode":"04777001","city":"São Paulo","state":"SP","district":"Rua das Flores","street":"Avenida Interlagos","number":"50","complement":"de 4503 ao fim - lado ímpar","_id":"670da3001e6a38afe6ea799c"}],"audit":[{"registeredBy":{"userId":"66db5e1ca10db7703daa0b98","userLogin":"sysadmin@qacoders.com"},"registrationDate":"segunda-feira, 14/10/2024, 20:02:24 BRT","_id":"670da3001e6a38afe6ea7997"}],"__v":0}} 
 </msg>
<msg timestamp="20241014 20:02:29.900" level="INFO">C:\Python312\Lib\site-packages\urllib3\connectionpool.py:1061: InsecureRequestWarning: Unverified HTTPS request is being made to host 'the-mentalists.qacoders.dev.br'. Adding certificate verification is strongly advised. See: https://urllib3.readthedocs.io/en/1.26.x/advanced-usage.html#ssl-warnings
  warnings.warn(</msg>
<msg timestamp="20241014 20:02:29.900" level="INFO">${resposta} = &lt;Response [201]&gt;</msg>
<status status="PASS" starttime="20241014 20:02:29.722" endtime="20241014 20:02:29.900"/>
</kw>
<kw name="Log" library="BuiltIn">
<arg>${resposta}</arg>
<doc>Logs the given message with the given level.</doc>
<msg timestamp="20241014 20:02:29.905" level="INFO">&lt;Response [201]&gt;</msg>
<status status="PASS" starttime="20241014 20:02:29.900" endtime="20241014 20:02:29.905"/>
</kw>
<status status="PASS" starttime="20241014 20:02:29.722" endtime="20241014 20:02:29.905"/>
</kw>
<tag>CT02</tag>
<status status="PASS" starttime="20241014 20:02:28.723" endtime="20241014 20:02:29.905"/>
</test>
<status status="PASS" starttime="20241014 20:02:26.572" endtime="20241014 20:02:29.908"/>
</suite>
<status status="PASS" starttime="20241014 20:02:20.958" endtime="20241014 20:02:29.909"/>
</suite>
<statistics>
<total>
<stat pass="9" fail="0" skip="0">All Tests</stat>
</total>
<tag>
<stat pass="1" fail="0" skip="0">01</stat>
<stat pass="1" fail="0" skip="0">CT01</stat>
<stat pass="1" fail="0" skip="0">CT02</stat>
</tag>
<suite>
<stat pass="9" fail="0" skip="0" id="s1" name="Company">Company</stat>
<stat pass="1" fail="0" skip="0" id="s1-s1" name="Delete">Company.Delete</stat>
<stat pass="2" fail="0" skip="0" id="s1-s2" name="Get">Company.Get</stat>
<stat pass="3" fail="0" skip="0" id="s1-s3" name="Post">Company.Post</stat>
<stat pass="3" fail="0" skip="0" id="s1-s4" name="Put">Company.Put</stat>
</suite>
</statistics>
<errors>
<msg timestamp="20241014 20:02:28.720" level="WARN">Multiple tests with name 'Editar cadastro da company' executed in suite 'Company.Put'.</msg>
</errors>
</robot>
